2023-02-07 00:06:19 [32minfo[39m: 	Requested URL : 
2023-02-07 00:06:19 [32minfo[39m: 	/view_task
2023-02-07 00:06:19 [32minfo[39m: 	Requested URL : 
2023-02-07 00:06:19 [32minfo[39m: 	/view_task
2023-02-07 00:06:19 [32minfo[39m: 	SELECT * FROM tasks_dlt_t where c_by=11
2023-02-07 00:06:19 [32minfo[39m: 	Requested URL : 
2023-02-07 00:06:19 [32minfo[39m: 	/roles
2023-02-07 00:06:19 [32minfo[39m: 	Requested URL : 
2023-02-07 00:06:19 [32minfo[39m: 	/roles
2023-02-07 00:06:19 [32minfo[39m: 	SELECT * FROM roles_table where status=1;
2023-02-07 00:06:37 [32minfo[39m: 	Requested URL : 
2023-02-07 00:06:37 [32minfo[39m: 	/view_task
2023-02-07 00:06:37 [32minfo[39m: 	Requested URL : 
2023-02-07 00:06:37 [32minfo[39m: 	/view_task
2023-02-07 00:06:37 [32minfo[39m: 	SELECT * FROM tasks_dlt_t where c_by=11
2023-02-07 00:06:37 [32minfo[39m: 	Requested URL : 
2023-02-07 00:06:37 [32minfo[39m: 	/roles
2023-02-07 00:06:37 [32minfo[39m: 	Requested URL : 
2023-02-07 00:06:37 [32minfo[39m: 	/roles
2023-02-07 00:06:37 [32minfo[39m: 	SELECT * FROM roles_table where status=1;
2023-02-07 00:09:21 [32minfo[39m: 	Requested URL : 
2023-02-07 00:09:21 [32minfo[39m: 	/view_task
2023-02-07 00:09:21 [32minfo[39m: 	Requested URL : 
2023-02-07 00:09:21 [32minfo[39m: 	/view_task
2023-02-07 00:09:21 [32minfo[39m: 	SELECT * FROM tasks_dlt_t where c_by=11
2023-02-07 00:09:21 [32minfo[39m: 	Requested URL : 
2023-02-07 00:09:21 [32minfo[39m: 	/roles
2023-02-07 00:09:21 [32minfo[39m: 	Requested URL : 
2023-02-07 00:09:21 [32minfo[39m: 	/roles
2023-02-07 00:09:21 [32minfo[39m: 	SELECT * FROM roles_table where status=1;
2023-02-07 00:09:59 [32minfo[39m: 	Requested URL : 
2023-02-07 00:09:59 [32minfo[39m: 	/view_task
2023-02-07 00:09:59 [32minfo[39m: 	Requested URL : 
2023-02-07 00:09:59 [32minfo[39m: 	/view_task
2023-02-07 00:09:59 [32minfo[39m: 	SELECT * FROM tasks_dlt_t where c_by=11
2023-02-07 00:09:59 [32minfo[39m: 	Requested URL : 
2023-02-07 00:09:59 [32minfo[39m: 	/roles
2023-02-07 00:09:59 [32minfo[39m: 	Requested URL : 
2023-02-07 00:09:59 [32minfo[39m: 	/roles
2023-02-07 00:09:59 [32minfo[39m: 	SELECT * FROM roles_table where status=1;
2023-02-07 00:10:48 [32minfo[39m: 	Requested URL : 
2023-02-07 00:10:48 [32minfo[39m: 	/view_task
2023-02-07 00:10:48 [32minfo[39m: 	Requested URL : 
2023-02-07 00:10:48 [32minfo[39m: 	/view_task
2023-02-07 00:10:48 [32minfo[39m: 	SELECT * FROM tasks_dlt_t where c_by=11
2023-02-07 00:10:48 [32minfo[39m: 	Requested URL : 
2023-02-07 00:10:48 [32minfo[39m: 	/roles
2023-02-07 00:10:48 [32minfo[39m: 	Requested URL : 
2023-02-07 00:10:48 [32minfo[39m: 	/roles
2023-02-07 00:10:48 [32minfo[39m: 	SELECT * FROM roles_table where status=1;
2023-02-07 00:10:54 [32minfo[39m: 	Requested URL : 
2023-02-07 00:10:54 [32minfo[39m: 	/view_task
2023-02-07 00:10:54 [32minfo[39m: 	Requested URL : 
2023-02-07 00:10:54 [32minfo[39m: 	/roles
2023-02-07 00:10:54 [32minfo[39m: 	Requested URL : 
2023-02-07 00:10:54 [32minfo[39m: 	/view_task
2023-02-07 00:10:54 [32minfo[39m: 	SELECT * FROM tasks_dlt_t where c_by=11
2023-02-07 00:10:54 [32minfo[39m: 	Requested URL : 
2023-02-07 00:10:54 [32minfo[39m: 	/roles
2023-02-07 00:10:54 [32minfo[39m: 	SELECT * FROM roles_table where status=1;
2023-02-07 00:11:28 [32minfo[39m: 	Requested URL : 
2023-02-07 00:11:28 [32minfo[39m: 	/creating_task
2023-02-07 00:11:28 [32minfo[39m: 	select * from tasks_dlt_t where task_name='Task name 3' and task_desc='TEsting the task 2 by admin.'
2023-02-07 00:11:28 [32minfo[39m: 	insert into tasks_dlt_t(task_name, task_desc, created_role_id, c_by) values('Task name 3', 'TEsting the task 2 by admin.', 1, 11)
2023-02-07 00:11:28 [32minfo[39m: 	select * from tasks_dlt_t where id=5
2023-02-07 00:11:45 [32minfo[39m: 	Requested URL : 
2023-02-07 00:11:45 [32minfo[39m: 	/view_task
2023-02-07 00:11:45 [32minfo[39m: 	Requested URL : 
2023-02-07 00:11:45 [32minfo[39m: 	/view_task
2023-02-07 00:11:45 [32minfo[39m: 	Requested URL : 
2023-02-07 00:11:45 [32minfo[39m: 	/roles
2023-02-07 00:11:45 [32minfo[39m: 	SELECT * FROM tasks_dlt_t where c_by=11
2023-02-07 00:11:45 [32minfo[39m: 	Requested URL : 
2023-02-07 00:11:45 [32minfo[39m: 	/roles
2023-02-07 00:11:45 [32minfo[39m: 	SELECT * FROM roles_table where status=1;
2023-02-07 00:20:08 [32minfo[39m: 	Requested URL : 
2023-02-07 00:20:08 [32minfo[39m: 	/view_task
2023-02-07 00:20:08 [32minfo[39m: 	Requested URL : 
2023-02-07 00:20:08 [32minfo[39m: 	/roles
2023-02-07 00:20:08 [32minfo[39m: 	Requested URL : 
2023-02-07 00:20:08 [32minfo[39m: 	/view_task
2023-02-07 00:20:08 [32minfo[39m: 	SELECT * FROM tasks_dlt_t where c_by=11
2023-02-07 00:20:08 [32minfo[39m: 	Requested URL : 
2023-02-07 00:20:08 [32minfo[39m: 	/roles
2023-02-07 00:20:08 [32minfo[39m: 	SELECT * FROM roles_table where status=1;
2023-02-07 00:20:23 [32minfo[39m: 	Requested URL : 
2023-02-07 00:20:23 [32minfo[39m: 	/view_task
2023-02-07 00:20:23 [32minfo[39m: 	Requested URL : 
2023-02-07 00:20:23 [32minfo[39m: 	/view_task
2023-02-07 00:20:23 [32minfo[39m: 	SELECT * FROM tasks_dlt_t where c_by=11
2023-02-07 00:20:23 [32minfo[39m: 	Requested URL : 
2023-02-07 00:20:23 [32minfo[39m: 	/roles
2023-02-07 00:20:23 [32minfo[39m: 	Requested URL : 
2023-02-07 00:20:23 [32minfo[39m: 	/roles
2023-02-07 00:20:23 [32minfo[39m: 	SELECT * FROM roles_table where status=1;
2023-02-07 00:22:00 [32minfo[39m: 	Requested URL : 
2023-02-07 00:22:00 [32minfo[39m: 	/view_task
2023-02-07 00:22:00 [32minfo[39m: 	Requested URL : 
2023-02-07 00:22:00 [32minfo[39m: 	/view_task
2023-02-07 00:22:00 [32minfo[39m: 	SELECT * FROM tasks_dlt_t where c_by=11
2023-02-07 00:22:00 [32minfo[39m: 	Requested URL : 
2023-02-07 00:22:00 [32minfo[39m: 	/roles
2023-02-07 00:22:00 [32minfo[39m: 	Requested URL : 
2023-02-07 00:22:00 [32minfo[39m: 	/roles
2023-02-07 00:22:00 [32minfo[39m: 	SELECT * FROM roles_table where status=1;
2023-02-07 10:14:21 [34mdebug[39m: 	CharisPathWay API server is listening at http://:::5555
2023-02-07 18:20:32 [32minfo[39m: 	Requested URL : 
2023-02-07 18:20:32 [32minfo[39m: 	/view_task
2023-02-07 18:20:32 [32minfo[39m: 	Requested URL : 
2023-02-07 18:20:32 [32minfo[39m: 	/view_task
2023-02-07 18:20:32 [32minfo[39m: 	Requested URL : 
2023-02-07 18:20:32 [32minfo[39m: 	/roles
2023-02-07 18:20:32 [32minfo[39m: 	SELECT * FROM tasks_dlt_t where c_by=11
2023-02-07 18:20:32 [32minfo[39m: 	SELECT * FROM roles_table where status=1;
2023-02-07 18:21:17 [32minfo[39m: 	Requested URL : 
2023-02-07 18:21:17 [32minfo[39m: 	/view_task
2023-02-07 18:21:17 [32minfo[39m: 	Requested URL : 
2023-02-07 18:21:17 [32minfo[39m: 	/view_task
2023-02-07 18:21:17 [32minfo[39m: 	Requested URL : 
2023-02-07 18:21:17 [32minfo[39m: 	/roles
2023-02-07 18:21:17 [32minfo[39m: 	SELECT * FROM tasks_dlt_t where c_by=11
2023-02-07 18:21:17 [32minfo[39m: 	SELECT * FROM roles_table where status=1;
2023-02-07 18:22:06 [32minfo[39m: 	Requested URL : 
2023-02-07 18:22:06 [32minfo[39m: 	/view_task
2023-02-07 18:22:06 [32minfo[39m: 	Requested URL : 
2023-02-07 18:22:06 [32minfo[39m: 	/view_task
2023-02-07 18:22:06 [32minfo[39m: 	Requested URL : 
2023-02-07 18:22:06 [32minfo[39m: 	/roles
2023-02-07 18:22:06 [32minfo[39m: 	SELECT * FROM tasks_dlt_t where c_by=11
2023-02-07 18:22:06 [32minfo[39m: 	SELECT * FROM roles_table where status=1;
2023-02-07 18:22:15 [32minfo[39m: 	Requested URL : 
2023-02-07 18:22:15 [32minfo[39m: 	/view_task
2023-02-07 18:22:15 [32minfo[39m: 	Requested URL : 
2023-02-07 18:22:15 [32minfo[39m: 	/view_task
2023-02-07 18:22:15 [32minfo[39m: 	Requested URL : 
2023-02-07 18:22:15 [32minfo[39m: 	/roles
2023-02-07 18:22:15 [32minfo[39m: 	SELECT * FROM tasks_dlt_t where c_by=11
2023-02-07 18:22:15 [32minfo[39m: 	SELECT * FROM roles_table where status=1;
2023-02-07 18:34:47 [32minfo[39m: 	Requested URL : 
2023-02-07 18:34:47 [32minfo[39m: 	/view_task
2023-02-07 18:34:47 [32minfo[39m: 	Requested URL : 
2023-02-07 18:34:47 [32minfo[39m: 	/view_task
2023-02-07 18:34:47 [32minfo[39m: 	Requested URL : 
2023-02-07 18:34:47 [32minfo[39m: 	/roles
2023-02-07 18:34:47 [32minfo[39m: 	SELECT * FROM tasks_dlt_t where c_by=11
2023-02-07 18:34:47 [32minfo[39m: 	SELECT * FROM roles_table where status=1;
2023-02-07 18:34:58 [32minfo[39m: 	Requested URL : 
2023-02-07 18:34:58 [32minfo[39m: 	/view_task
2023-02-07 18:34:58 [32minfo[39m: 	Requested URL : 
2023-02-07 18:34:58 [32minfo[39m: 	/view_task
2023-02-07 18:34:58 [32minfo[39m: 	SELECT * FROM tasks_dlt_t where c_by=11
2023-02-07 18:34:58 [32minfo[39m: 	Requested URL : 
2023-02-07 18:34:58 [32minfo[39m: 	/roles
2023-02-07 18:34:58 [32minfo[39m: 	SELECT * FROM roles_table where status=1;
2023-02-07 18:35:34 [32minfo[39m: 	Requested URL : 
2023-02-07 18:35:34 [32minfo[39m: 	/login
2023-02-07 18:35:34 [32minfo[39m: 	Requested URL : 
2023-02-07 18:35:34 [32minfo[39m: 	/login
2023-02-07 18:35:34 [32minfo[39m: 	Requested URL : 
2023-02-07 18:35:34 [32minfo[39m: 	/login
2023-02-07 18:35:34 [32minfo[39m: 	Requested URL : 
2023-02-07 18:35:34 [32minfo[39m: 	/login
2023-02-07 18:35:34 [32minfo[39m: 	SELECT * FROM users_dtl_t where email='mahesh@gmail.com'
2023-02-07 18:35:34 [32minfo[39m: 	SELECT * FROM users_dtl_t where email='mahesh@gmail.com'
2023-02-07 18:35:34 [32minfo[39m: 	SELECT * FROM users_dtl_t where email='mahesh@gmail.com' and pwd='Test' 
2023-02-07 18:35:34 [32minfo[39m: 	SELECT * FROM users_dtl_t where email='mahesh@gmail.com' and pwd='Test' 
2023-02-07 18:40:26 [32minfo[39m: 	Requested URL : 
2023-02-07 18:40:26 [32minfo[39m: 	/view_task
2023-02-07 18:40:26 [32minfo[39m: 	Requested URL : 
2023-02-07 18:40:26 [32minfo[39m: 	/view_task
2023-02-07 18:40:26 [32minfo[39m: 	Requested URL : 
2023-02-07 18:40:26 [32minfo[39m: 	/roles
2023-02-07 18:40:26 [32minfo[39m: 	SELECT * FROM tasks_dlt_t where c_by=11
2023-02-07 18:40:27 [32minfo[39m: 	Requested URL : 
2023-02-07 18:40:27 [32minfo[39m: 	/roles
2023-02-07 18:40:27 [32minfo[39m: 	SELECT * FROM roles_table where status=1;
2023-02-07 18:40:45 [32minfo[39m: 	Requested URL : 
2023-02-07 18:40:45 [32minfo[39m: 	/view_task
2023-02-07 18:40:45 [32minfo[39m: 	Requested URL : 
2023-02-07 18:40:45 [32minfo[39m: 	/view_task
2023-02-07 18:40:45 [32minfo[39m: 	Requested URL : 
2023-02-07 18:40:45 [32minfo[39m: 	/roles
2023-02-07 18:40:45 [32minfo[39m: 	SELECT * FROM tasks_dlt_t where c_by=11
2023-02-07 18:40:45 [32minfo[39m: 	Requested URL : 
2023-02-07 18:40:45 [32minfo[39m: 	/roles
2023-02-07 18:40:45 [32minfo[39m: 	SELECT * FROM roles_table where status=1;
2023-02-07 18:41:17 [32minfo[39m: 	Requested URL : 
2023-02-07 18:41:17 [32minfo[39m: 	/login
2023-02-07 18:41:17 [32minfo[39m: 	Requested URL : 
2023-02-07 18:41:17 [32minfo[39m: 	/login
2023-02-07 18:41:17 [32minfo[39m: 	Requested URL : 
2023-02-07 18:41:17 [32minfo[39m: 	/login
2023-02-07 18:41:17 [32minfo[39m: 	Requested URL : 
2023-02-07 18:41:17 [32minfo[39m: 	/login
2023-02-07 18:41:17 [32minfo[39m: 	SELECT * FROM users_dtl_t where email='sandeepcharispathway@gmail.com'
2023-02-07 18:41:17 [32minfo[39m: 	SELECT * FROM users_dtl_t where email='sandeepcharispathway@gmail.com'
2023-02-07 18:41:17 [32minfo[39m: 	SELECT * FROM users_dtl_t where email='sandeepcharispathway@gmail.com' and pwd='9390038284' 
2023-02-07 18:41:17 [32minfo[39m: 	SELECT * FROM users_dtl_t where email='sandeepcharispathway@gmail.com' and pwd='9390038284' 
2023-02-07 18:41:17 [32minfo[39m: 	Requested URL : 
2023-02-07 18:41:17 [32minfo[39m: 	/view_task
2023-02-07 18:41:17 [32minfo[39m: 	Requested URL : 
2023-02-07 18:41:17 [32minfo[39m: 	/view_task
2023-02-07 18:41:17 [32minfo[39m: 	SELECT * FROM tasks_dlt_t where c_by=11
2023-02-07 18:41:17 [32minfo[39m: 	Requested URL : 
2023-02-07 18:41:17 [32minfo[39m: 	/roles
2023-02-07 18:41:17 [32minfo[39m: 	Requested URL : 
2023-02-07 18:41:17 [32minfo[39m: 	/roles
2023-02-07 18:41:17 [32minfo[39m: 	SELECT * FROM roles_table where status=1;
2023-02-07 18:41:31 [32minfo[39m: 	Requested URL : 
2023-02-07 18:41:31 [32minfo[39m: 	/view_task
2023-02-07 18:41:31 [32minfo[39m: 	Requested URL : 
2023-02-07 18:41:31 [32minfo[39m: 	/view_task
2023-02-07 18:41:31 [32minfo[39m: 	Requested URL : 
2023-02-07 18:41:31 [32minfo[39m: 	/roles
2023-02-07 18:41:31 [32minfo[39m: 	SELECT * FROM tasks_dlt_t where c_by=11
2023-02-07 18:41:31 [32minfo[39m: 	Requested URL : 
2023-02-07 18:41:31 [32minfo[39m: 	/roles
2023-02-07 18:41:31 [32minfo[39m: 	SELECT * FROM roles_table where status=1;
2023-02-07 18:42:21 [32minfo[39m: 	Requested URL : 
2023-02-07 18:42:21 [32minfo[39m: 	/view_task
2023-02-07 18:42:21 [32minfo[39m: 	Requested URL : 
2023-02-07 18:42:21 [32minfo[39m: 	/view_task
2023-02-07 18:42:21 [32minfo[39m: 	SELECT * FROM tasks_dlt_t where c_by=11
2023-02-07 18:42:21 [32minfo[39m: 	Requested URL : 
2023-02-07 18:42:21 [32minfo[39m: 	/roles
2023-02-07 18:42:21 [32minfo[39m: 	Requested URL : 
2023-02-07 18:42:21 [32minfo[39m: 	/roles
2023-02-07 18:42:21 [32minfo[39m: 	SELECT * FROM roles_table where status=1;
2023-02-07 18:42:40 [32minfo[39m: 	Requested URL : 
2023-02-07 18:42:40 [32minfo[39m: 	/view_task
2023-02-07 18:42:40 [32minfo[39m: 	Requested URL : 
2023-02-07 18:42:40 [32minfo[39m: 	/view_task
2023-02-07 18:42:40 [32minfo[39m: 	SELECT * FROM tasks_dlt_t where c_by=11
2023-02-07 18:42:40 [32minfo[39m: 	Requested URL : 
2023-02-07 18:42:40 [32minfo[39m: 	/roles
2023-02-07 18:42:40 [32minfo[39m: 	Requested URL : 
2023-02-07 18:42:40 [32minfo[39m: 	/roles
2023-02-07 18:42:40 [32minfo[39m: 	SELECT * FROM roles_table where status=1;
2023-02-07 18:42:52 [32minfo[39m: 	Requested URL : 
2023-02-07 18:42:52 [32minfo[39m: 	/view_task
2023-02-07 18:42:52 [32minfo[39m: 	Requested URL : 
2023-02-07 18:42:52 [32minfo[39m: 	/view_task
2023-02-07 18:42:52 [32minfo[39m: 	Requested URL : 
2023-02-07 18:42:52 [32minfo[39m: 	/roles
2023-02-07 18:42:52 [32minfo[39m: 	SELECT * FROM tasks_dlt_t where c_by=11
2023-02-07 18:42:52 [32minfo[39m: 	Requested URL : 
2023-02-07 18:42:52 [32minfo[39m: 	/roles
2023-02-07 18:42:52 [32minfo[39m: 	SELECT * FROM roles_table where status=1;
2023-02-07 18:43:20 [32minfo[39m: 	Requested URL : 
2023-02-07 18:43:20 [32minfo[39m: 	/view_task
2023-02-07 18:43:20 [32minfo[39m: 	Requested URL : 
2023-02-07 18:43:20 [32minfo[39m: 	/view_task
2023-02-07 18:43:20 [32minfo[39m: 	SELECT * FROM tasks_dlt_t where c_by=11
2023-02-07 18:43:20 [32minfo[39m: 	Requested URL : 
2023-02-07 18:43:20 [32minfo[39m: 	/roles
2023-02-07 18:43:20 [32minfo[39m: 	Requested URL : 
2023-02-07 18:43:20 [32minfo[39m: 	/roles
2023-02-07 18:43:20 [32minfo[39m: 	SELECT * FROM roles_table where status=1;
2023-02-07 18:45:46 [32minfo[39m: 	Requested URL : 
2023-02-07 18:45:46 [32minfo[39m: 	/creating_task
2023-02-07 18:45:46 [32minfo[39m: 	select * from tasks_dlt_t where task_name='Task name 3' and task_desc='TEsting the task 2 by admin.'
2023-02-07 18:46:21 [32minfo[39m: 	Requested URL : 
2023-02-07 18:46:21 [32minfo[39m: 	/admincreateUser
2023-02-07 18:46:21 [32minfo[39m: 	Requested URL : 
2023-02-07 18:46:21 [32minfo[39m: 	/admincreateUser
2023-02-07 18:46:21 [32minfo[39m: 	SELECT * FROM users_dtl_t where email='' and role=NULL and phone_no='';
2023-02-07 18:46:21 [32minfo[39m: 	insert into users_dtl_t (email, pwd, role, user_name,designation, phone_no, joined_on) values("","","undefined","","","","");
2023-02-07 18:46:21 [31merror[39m: 	uncaughtException: email_service is not defined
ReferenceError: email_service is not defined
    at Query.<anonymous> (E:\ALL-Data\seedfund\AACS\utils\dbutils.js:21:25)
    at Query.<anonymous> (E:\ALL-Data\seedfund\AACS\node_modules\mysql\lib\Connection.js:526:10)
    at Query._callback (E:\ALL-Data\seedfund\AACS\node_modules\mysql\lib\Connection.js:488:16)
    at Query.Sequence.end (E:\ALL-Data\seedfund\AACS\node_modules\mysql\lib\protocol\sequences\Sequence.js:83:24)
    at Query.ErrorPacket (E:\ALL-Data\seedfund\AACS\node_modules\mysql\lib\protocol\sequences\Query.js:92:8)
    at Protocol._parsePacket (E:\ALL-Data\seedfund\AACS\node_modules\mysql\lib\protocol\Protocol.js:291:23)
    at Parser._parsePacket (E:\ALL-Data\seedfund\AACS\node_modules\mysql\lib\protocol\Parser.js:433:10)
    at Parser.write (E:\ALL-Data\seedfund\AACS\node_modules\mysql\lib\protocol\Parser.js:43:10)
    at Protocol.write (E:\ALL-Data\seedfund\AACS\node_modules\mysql\lib\protocol\Protocol.js:38:16)
    at Socket.<anonymous> (E:\ALL-Data\seedfund\AACS\node_modules\mysql\lib\Connection.js:88:28)
2023-02-07 18:46:49 [32minfo[39m: 	Requested URL : 
2023-02-07 18:46:49 [32minfo[39m: 	/view_task
2023-02-07 18:46:49 [32minfo[39m: 	Requested URL : 
2023-02-07 18:46:49 [32minfo[39m: 	/view_task
2023-02-07 18:46:49 [32minfo[39m: 	SELECT * FROM tasks_dlt_t where c_by=11
2023-02-07 18:46:49 [32minfo[39m: 	Requested URL : 
2023-02-07 18:46:49 [32minfo[39m: 	/roles
2023-02-07 18:46:49 [32minfo[39m: 	Requested URL : 
2023-02-07 18:46:49 [32minfo[39m: 	/roles
2023-02-07 18:46:49 [32minfo[39m: 	SELECT * FROM roles_table where status=1;
2023-02-07 18:47:58 [32minfo[39m: 	Requested URL : 
2023-02-07 18:47:58 [32minfo[39m: 	/view_task
2023-02-07 18:47:58 [32minfo[39m: 	Requested URL : 
2023-02-07 18:47:58 [32minfo[39m: 	/view_task
2023-02-07 18:47:58 [32minfo[39m: 	SELECT * FROM tasks_dlt_t where c_by=11
2023-02-07 18:47:58 [32minfo[39m: 	Requested URL : 
2023-02-07 18:47:58 [32minfo[39m: 	/roles
2023-02-07 18:47:58 [32minfo[39m: 	Requested URL : 
2023-02-07 18:47:58 [32minfo[39m: 	/roles
2023-02-07 18:47:58 [32minfo[39m: 	SELECT * FROM roles_table where status=1;
2023-02-07 18:48:06 [32minfo[39m: 	Requested URL : 
2023-02-07 18:48:06 [32minfo[39m: 	/creating_task
2023-02-07 18:48:06 [32minfo[39m: 	Requested URL : 
2023-02-07 18:48:06 [32minfo[39m: 	/creating_task
2023-02-07 18:48:06 [32minfo[39m: 	select * from tasks_dlt_t where task_name='asd' and task_desc='asdasd'
2023-02-07 18:48:06 [32minfo[39m: 	insert into tasks_dlt_t(task_name, task_desc, created_role_id, c_by) values('asd', 'asdasd', 1, 2)
2023-02-07 18:48:06 [32minfo[39m: 	select * from tasks_dlt_t where id=6
2023-02-07 18:48:18 [32minfo[39m: 	Requested URL : 
2023-02-07 18:48:18 [32minfo[39m: 	/view_task
2023-02-07 18:48:18 [32minfo[39m: 	Requested URL : 
2023-02-07 18:48:18 [32minfo[39m: 	/view_task
2023-02-07 18:48:18 [32minfo[39m: 	SELECT * FROM tasks_dlt_t where c_by=11
2023-02-07 18:48:18 [32minfo[39m: 	Requested URL : 
2023-02-07 18:48:18 [32minfo[39m: 	/roles
2023-02-07 18:48:18 [32minfo[39m: 	Requested URL : 
2023-02-07 18:48:18 [32minfo[39m: 	/roles
2023-02-07 18:48:18 [32minfo[39m: 	SELECT * FROM roles_table where status=1;
2023-02-07 18:48:26 [32minfo[39m: 	Requested URL : 
2023-02-07 18:48:26 [32minfo[39m: 	/creating_task
2023-02-07 18:48:26 [32minfo[39m: 	Requested URL : 
2023-02-07 18:48:26 [32minfo[39m: 	/creating_task
2023-02-07 18:48:26 [32minfo[39m: 	select * from tasks_dlt_t where task_name='retet' and task_desc='rytee'
2023-02-07 18:48:26 [32minfo[39m: 	insert into tasks_dlt_t(task_name, task_desc, created_role_id, c_by) values('retet', 'rytee', 1, 2)
2023-02-07 18:48:26 [32minfo[39m: 	select * from tasks_dlt_t where id=7
2023-02-07 18:49:36 [32minfo[39m: 	Requested URL : 
2023-02-07 18:49:36 [32minfo[39m: 	/view_task
2023-02-07 18:49:36 [32minfo[39m: 	SELECT * FROM tasks_dlt_t where c_by='11'
2023-02-07 18:49:55 [32minfo[39m: 	Requested URL : 
2023-02-07 18:49:55 [32minfo[39m: 	/view_task
2023-02-07 18:49:55 [32minfo[39m: 	Requested URL : 
2023-02-07 18:49:55 [32minfo[39m: 	/view_task
2023-02-07 18:49:55 [32minfo[39m: 	SELECT * FROM tasks_dlt_t where c_by=11
2023-02-07 18:49:55 [32minfo[39m: 	Requested URL : 
2023-02-07 18:49:55 [32minfo[39m: 	/roles
2023-02-07 18:49:55 [32minfo[39m: 	Requested URL : 
2023-02-07 18:49:55 [32minfo[39m: 	/roles
2023-02-07 18:49:55 [32minfo[39m: 	SELECT * FROM roles_table where status=1;
2023-02-07 18:50:52 [32minfo[39m: 	Requested URL : 
2023-02-07 18:50:52 [32minfo[39m: 	/creating_task
2023-02-07 18:50:52 [32minfo[39m: 	Requested URL : 
2023-02-07 18:50:52 [32minfo[39m: 	/creating_task
2023-02-07 18:50:52 [32minfo[39m: 	select * from tasks_dlt_t where task_name='fgs' and task_desc='sf'
2023-02-07 18:50:52 [32minfo[39m: 	insert into tasks_dlt_t(task_name, task_desc, created_role_id, c_by) values('fgs', 'sf', 1, 11)
2023-02-07 18:50:52 [32minfo[39m: 	select * from tasks_dlt_t where id=8
2023-02-07 18:50:55 [32minfo[39m: 	Requested URL : 
2023-02-07 18:50:55 [32minfo[39m: 	/creating_task
2023-02-07 18:50:55 [32minfo[39m: 	select * from tasks_dlt_t where task_name='fgs' and task_desc='sf'
2023-02-07 18:50:58 [32minfo[39m: 	Requested URL : 
2023-02-07 18:50:58 [32minfo[39m: 	/view_task
2023-02-07 18:50:58 [32minfo[39m: 	Requested URL : 
2023-02-07 18:50:58 [32minfo[39m: 	/view_task
2023-02-07 18:50:58 [32minfo[39m: 	SELECT * FROM tasks_dlt_t where c_by=11
2023-02-07 18:50:58 [32minfo[39m: 	Requested URL : 
2023-02-07 18:50:58 [32minfo[39m: 	/roles
2023-02-07 18:50:58 [32minfo[39m: 	Requested URL : 
2023-02-07 18:50:58 [32minfo[39m: 	/roles
2023-02-07 18:50:58 [32minfo[39m: 	SELECT * FROM roles_table where status=1;
2023-02-07 18:52:22 [32minfo[39m: 	Requested URL : 
2023-02-07 18:52:22 [32minfo[39m: 	/login
2023-02-07 18:52:22 [32minfo[39m: 	Requested URL : 
2023-02-07 18:52:22 [32minfo[39m: 	/login
2023-02-07 18:52:22 [32minfo[39m: 	Requested URL : 
2023-02-07 18:52:22 [32minfo[39m: 	/login
2023-02-07 18:52:22 [32minfo[39m: 	Requested URL : 
2023-02-07 18:52:22 [32minfo[39m: 	/login
2023-02-07 18:52:22 [32minfo[39m: 	SELECT * FROM users_dtl_t where email='sandeepcharispathway@gmail.com'
2023-02-07 18:52:22 [32minfo[39m: 	SELECT * FROM users_dtl_t where email='sandeepcharispathway@gmail.com'
2023-02-07 18:52:22 [32minfo[39m: 	SELECT * FROM users_dtl_t where email='sandeepcharispathway@gmail.com' and pwd='9390038284' 
2023-02-07 18:52:22 [32minfo[39m: 	SELECT * FROM users_dtl_t where email='sandeepcharispathway@gmail.com' and pwd='9390038284' 
2023-02-07 18:52:23 [32minfo[39m: 	Requested URL : 
2023-02-07 18:52:23 [32minfo[39m: 	/view_task
2023-02-07 18:52:23 [32minfo[39m: 	Requested URL : 
2023-02-07 18:52:23 [32minfo[39m: 	/view_task
2023-02-07 18:52:23 [32minfo[39m: 	SELECT * FROM tasks_dlt_t where c_by=11
2023-02-07 18:52:23 [32minfo[39m: 	Requested URL : 
2023-02-07 18:52:23 [32minfo[39m: 	/roles
2023-02-07 18:52:23 [32minfo[39m: 	Requested URL : 
2023-02-07 18:52:23 [32minfo[39m: 	/roles
2023-02-07 18:52:23 [32minfo[39m: 	SELECT * FROM roles_table where status=1;
2023-02-07 18:52:52 [32minfo[39m: 	Requested URL : 
2023-02-07 18:52:52 [32minfo[39m: 	/view_task
2023-02-07 18:52:52 [32minfo[39m: 	Requested URL : 
2023-02-07 18:52:52 [32minfo[39m: 	/view_task
2023-02-07 18:52:52 [32minfo[39m: 	Requested URL : 
2023-02-07 18:52:52 [32minfo[39m: 	/roles
2023-02-07 18:52:52 [32minfo[39m: 	SELECT * FROM tasks_dlt_t where c_by=11
2023-02-07 18:52:52 [32minfo[39m: 	Requested URL : 
2023-02-07 18:52:52 [32minfo[39m: 	/roles
2023-02-07 18:52:52 [32minfo[39m: 	SELECT * FROM roles_table where status=1;
2023-02-07 18:53:03 [32minfo[39m: 	Requested URL : 
2023-02-07 18:53:03 [32minfo[39m: 	/creating_task
2023-02-07 18:53:03 [32minfo[39m: 	Requested URL : 
2023-02-07 18:53:03 [32minfo[39m: 	/creating_task
2023-02-07 18:53:03 [32minfo[39m: 	select * from tasks_dlt_t where task_name='hi task 18' and task_desc='18 1916'
2023-02-07 18:53:03 [32minfo[39m: 	insert into tasks_dlt_t(task_name, task_desc, created_role_id, c_by) values('hi task 18', '18 1916', 1, 2)
2023-02-07 18:53:03 [32minfo[39m: 	select * from tasks_dlt_t where id=9
2023-02-07 18:53:08 [32minfo[39m: 	Requested URL : 
2023-02-07 18:53:08 [32minfo[39m: 	/view_task
2023-02-07 18:53:08 [32minfo[39m: 	Requested URL : 
2023-02-07 18:53:08 [32minfo[39m: 	/roles
2023-02-07 18:53:08 [32minfo[39m: 	Requested URL : 
2023-02-07 18:53:08 [32minfo[39m: 	/view_task
2023-02-07 18:53:08 [32minfo[39m: 	SELECT * FROM tasks_dlt_t where c_by=11
2023-02-07 18:53:08 [32minfo[39m: 	Requested URL : 
2023-02-07 18:53:08 [32minfo[39m: 	/roles
2023-02-07 18:53:08 [32minfo[39m: 	SELECT * FROM roles_table where status=1;
2023-02-07 18:53:22 [32minfo[39m: 	Requested URL : 
2023-02-07 18:53:22 [32minfo[39m: 	/view_task
2023-02-07 18:53:22 [32minfo[39m: 	SELECT * FROM tasks_dlt_t where c_by='2'
2023-02-07 18:53:46 [32minfo[39m: 	Requested URL : 
2023-02-07 18:53:46 [32minfo[39m: 	/view_task
2023-02-07 18:53:46 [32minfo[39m: 	Requested URL : 
2023-02-07 18:53:46 [32minfo[39m: 	/view_task
2023-02-07 18:53:46 [32minfo[39m: 	SELECT * FROM tasks_dlt_t where c_by=2
2023-02-07 18:53:46 [32minfo[39m: 	Requested URL : 
2023-02-07 18:53:46 [32minfo[39m: 	/roles
2023-02-07 18:53:46 [32minfo[39m: 	Requested URL : 
2023-02-07 18:53:46 [32minfo[39m: 	/roles
2023-02-07 18:53:46 [32minfo[39m: 	SELECT * FROM roles_table where status=1;
2023-02-07 18:53:57 [32minfo[39m: 	Requested URL : 
2023-02-07 18:53:57 [32minfo[39m: 	/creating_task
2023-02-07 18:53:57 [32minfo[39m: 	Requested URL : 
2023-02-07 18:53:57 [32minfo[39m: 	/creating_task
2023-02-07 18:53:57 [32minfo[39m: 	select * from tasks_dlt_t where task_name='task 11' and task_desc='1111111'
2023-02-07 18:53:57 [32minfo[39m: 	insert into tasks_dlt_t(task_name, task_desc, created_role_id, c_by) values('task 11', '1111111', 1, 2)
2023-02-07 18:53:57 [32minfo[39m: 	select * from tasks_dlt_t where id=10
2023-02-07 18:54:05 [32minfo[39m: 	Requested URL : 
2023-02-07 18:54:05 [32minfo[39m: 	/view_task
2023-02-07 18:54:05 [32minfo[39m: 	Requested URL : 
2023-02-07 18:54:05 [32minfo[39m: 	/roles
2023-02-07 18:54:05 [32minfo[39m: 	Requested URL : 
2023-02-07 18:54:05 [32minfo[39m: 	/view_task
2023-02-07 18:54:05 [32minfo[39m: 	SELECT * FROM tasks_dlt_t where c_by=2
2023-02-07 18:54:05 [32minfo[39m: 	Requested URL : 
2023-02-07 18:54:05 [32minfo[39m: 	/roles
2023-02-07 18:54:05 [32minfo[39m: 	SELECT * FROM roles_table where status=1;
2023-02-07 18:54:21 [32minfo[39m: 	Requested URL : 
2023-02-07 18:54:21 [32minfo[39m: 	/creating_task
2023-02-07 18:54:21 [32minfo[39m: 	Requested URL : 
2023-02-07 18:54:21 [32minfo[39m: 	/creating_task
2023-02-07 18:54:21 [32minfo[39m: 	select * from tasks_dlt_t where task_name='fsdf1' and task_desc='1111'
2023-02-07 18:54:21 [32minfo[39m: 	insert into tasks_dlt_t(task_name, task_desc, created_role_id, c_by) values('fsdf1', '1111', 1, 2)
2023-02-07 18:54:21 [32minfo[39m: 	select * from tasks_dlt_t where id=11
2023-02-07 21:18:47 [32minfo[39m: 	Requested URL : 
2023-02-07 21:18:47 [32minfo[39m: 	/creating_task
2023-02-07 21:18:47 [32minfo[39m: 	Requested URL : 
2023-02-07 21:18:47 [32minfo[39m: 	/creating_task
2023-02-07 21:18:47 [32minfo[39m: 	select * from tasks_dlt_t where task_name='fsdf1' and task_desc='1111'
2023-02-07 21:18:51 [32minfo[39m: 	Requested URL : 
2023-02-07 21:18:51 [32minfo[39m: 	/view_task
2023-02-07 21:18:51 [32minfo[39m: 	Requested URL : 
2023-02-07 21:18:51 [32minfo[39m: 	/view_task
2023-02-07 21:18:51 [32minfo[39m: 	Requested URL : 
2023-02-07 21:18:51 [32minfo[39m: 	/roles
2023-02-07 21:18:51 [32minfo[39m: 	SELECT * FROM tasks_dlt_t where c_by=2
2023-02-07 21:18:51 [32minfo[39m: 	Requested URL : 
2023-02-07 21:18:51 [32minfo[39m: 	/roles
2023-02-07 21:18:51 [32minfo[39m: 	SELECT * FROM roles_table where status=1;
2023-02-07 21:18:54 [32minfo[39m: 	Requested URL : 
2023-02-07 21:18:54 [32minfo[39m: 	/creating_task
2023-02-07 21:18:54 [32minfo[39m: 	Requested URL : 
2023-02-07 21:18:54 [32minfo[39m: 	/creating_task
2023-02-07 21:18:54 [32minfo[39m: 	select * from tasks_dlt_t where task_name='asd' and task_desc='asd'
2023-02-07 21:18:55 [32minfo[39m: 	insert into tasks_dlt_t(task_name, task_desc, created_role_id, c_by) values('asd', 'asd', 1, 2)
2023-02-07 21:18:55 [32minfo[39m: 	select * from tasks_dlt_t where id=12
2023-02-07 21:19:31 [32minfo[39m: 	Requested URL : 
2023-02-07 21:19:31 [32minfo[39m: 	/view_task
2023-02-07 21:19:31 [32minfo[39m: 	Requested URL : 
2023-02-07 21:19:31 [32minfo[39m: 	/view_task
2023-02-07 21:19:31 [32minfo[39m: 	Requested URL : 
2023-02-07 21:19:31 [32minfo[39m: 	/roles
2023-02-07 21:19:31 [32minfo[39m: 	SELECT * FROM tasks_dlt_t where c_by=2
2023-02-07 21:19:31 [32minfo[39m: 	Requested URL : 
2023-02-07 21:19:31 [32minfo[39m: 	/roles
2023-02-07 21:19:31 [32minfo[39m: 	SELECT * FROM roles_table where status=1;
2023-02-07 21:19:42 [32minfo[39m: 	Requested URL : 
2023-02-07 21:19:42 [32minfo[39m: 	/creating_task
2023-02-07 21:19:42 [32minfo[39m: 	Requested URL : 
2023-02-07 21:19:42 [32minfo[39m: 	/creating_task
2023-02-07 21:19:42 [32minfo[39m: 	select * from tasks_dlt_t where task_name='task@@@@@@' and task_desc='###########'
2023-02-07 21:19:42 [32minfo[39m: 	insert into tasks_dlt_t(task_name, task_desc, created_role_id, c_by) values('task@@@@@@', '###########', 1, 2)
2023-02-07 21:19:42 [32minfo[39m: 	select * from tasks_dlt_t where id=13
2023-02-07 21:19:44 [32minfo[39m: 	Requested URL : 
2023-02-07 21:19:44 [32minfo[39m: 	/view_task
2023-02-07 21:19:44 [32minfo[39m: 	Requested URL : 
2023-02-07 21:19:44 [32minfo[39m: 	/view_task
2023-02-07 21:19:44 [32minfo[39m: 	SELECT * FROM tasks_dlt_t where c_by=2
2023-02-07 21:19:44 [32minfo[39m: 	Requested URL : 
2023-02-07 21:19:44 [32minfo[39m: 	/roles
2023-02-07 21:19:44 [32minfo[39m: 	Requested URL : 
2023-02-07 21:19:44 [32minfo[39m: 	/roles
2023-02-07 21:19:44 [32minfo[39m: 	SELECT * FROM roles_table where status=1;
2023-02-07 21:20:27 [32minfo[39m: 	Requested URL : 
2023-02-07 21:20:27 [32minfo[39m: 	/view_task
2023-02-07 21:20:27 [32minfo[39m: 	Requested URL : 
2023-02-07 21:20:27 [32minfo[39m: 	/roles
2023-02-07 21:20:27 [32minfo[39m: 	Requested URL : 
2023-02-07 21:20:27 [32minfo[39m: 	/view_task
2023-02-07 21:20:27 [32minfo[39m: 	SELECT * FROM tasks_dlt_t where c_by=2
2023-02-07 21:20:27 [32minfo[39m: 	Requested URL : 
2023-02-07 21:20:27 [32minfo[39m: 	/roles
2023-02-07 21:20:27 [32minfo[39m: 	SELECT * FROM roles_table where status=1;
2023-02-07 21:20:33 [32minfo[39m: 	Requested URL : 
2023-02-07 21:20:33 [32minfo[39m: 	/view_task
2023-02-07 21:20:33 [32minfo[39m: 	Requested URL : 
2023-02-07 21:20:33 [32minfo[39m: 	/view_task
2023-02-07 21:20:33 [32minfo[39m: 	SELECT * FROM tasks_dlt_t where c_by=2
2023-02-07 21:20:33 [32minfo[39m: 	Requested URL : 
2023-02-07 21:20:33 [32minfo[39m: 	/roles
2023-02-07 21:20:33 [32minfo[39m: 	Requested URL : 
2023-02-07 21:20:33 [32minfo[39m: 	/roles
2023-02-07 21:20:33 [32minfo[39m: 	SELECT * FROM roles_table where status=1;
2023-02-07 21:35:36 [32minfo[39m: 	Requested URL : 
2023-02-07 21:35:36 [32minfo[39m: 	/view_task
2023-02-07 21:35:36 [32minfo[39m: 	Requested URL : 
2023-02-07 21:35:36 [32minfo[39m: 	/view_task
2023-02-07 21:35:36 [32minfo[39m: 	SELECT * FROM tasks_dlt_t where c_by=2
2023-02-07 21:35:36 [32minfo[39m: 	Requested URL : 
2023-02-07 21:35:36 [32minfo[39m: 	/roles
2023-02-07 21:35:36 [32minfo[39m: 	Requested URL : 
2023-02-07 21:35:36 [32minfo[39m: 	/roles
2023-02-07 21:35:36 [32minfo[39m: 	SELECT * FROM roles_table where status=1;
2023-02-07 21:37:03 [32minfo[39m: 	Requested URL : 
2023-02-07 21:37:03 [32minfo[39m: 	/view_task
2023-02-07 21:37:03 [32minfo[39m: 	Requested URL : 
2023-02-07 21:37:03 [32minfo[39m: 	/view_task
2023-02-07 21:37:03 [32minfo[39m: 	SELECT * FROM tasks_dlt_t where c_by=2
2023-02-07 21:37:03 [32minfo[39m: 	Requested URL : 
2023-02-07 21:37:03 [32minfo[39m: 	/roles
2023-02-07 21:37:03 [32minfo[39m: 	Requested URL : 
2023-02-07 21:37:03 [32minfo[39m: 	/roles
2023-02-07 21:37:03 [32minfo[39m: 	SELECT * FROM roles_table where status=1;
2023-02-07 21:40:11 [32minfo[39m: 	Requested URL : 
2023-02-07 21:40:11 [32minfo[39m: 	/view_task
2023-02-07 21:40:11 [32minfo[39m: 	Requested URL : 
2023-02-07 21:40:11 [32minfo[39m: 	/view_task
2023-02-07 21:40:11 [32minfo[39m: 	SELECT * FROM tasks_dlt_t where c_by=2
2023-02-07 21:40:11 [32minfo[39m: 	Requested URL : 
2023-02-07 21:40:11 [32minfo[39m: 	/roles
2023-02-07 21:40:11 [32minfo[39m: 	Requested URL : 
2023-02-07 21:40:11 [32minfo[39m: 	/roles
2023-02-07 21:40:11 [32minfo[39m: 	SELECT * FROM roles_table where status=1;
2023-02-07 21:40:27 [32minfo[39m: 	Requested URL : 
2023-02-07 21:40:27 [32minfo[39m: 	/view_task
2023-02-07 21:40:27 [32minfo[39m: 	Requested URL : 
2023-02-07 21:40:27 [32minfo[39m: 	/view_task
2023-02-07 21:40:28 [32minfo[39m: 	Requested URL : 
2023-02-07 21:40:28 [32minfo[39m: 	/roles
2023-02-07 21:40:28 [32minfo[39m: 	SELECT * FROM tasks_dlt_t where c_by=2
2023-02-07 21:40:28 [32minfo[39m: 	Requested URL : 
2023-02-07 21:40:28 [32minfo[39m: 	/roles
2023-02-07 21:40:28 [32minfo[39m: 	SELECT * FROM roles_table where status=1;
2023-02-07 21:42:03 [32minfo[39m: 	Requested URL : 
2023-02-07 21:42:03 [32minfo[39m: 	/view_task
2023-02-07 21:42:03 [32minfo[39m: 	Requested URL : 
2023-02-07 21:42:03 [32minfo[39m: 	/view_task
2023-02-07 21:42:03 [32minfo[39m: 	SELECT * FROM tasks_dlt_t where c_by=2
2023-02-07 21:42:03 [32minfo[39m: 	Requested URL : 
2023-02-07 21:42:03 [32minfo[39m: 	/roles
2023-02-07 21:42:03 [32minfo[39m: 	Requested URL : 
2023-02-07 21:42:03 [32minfo[39m: 	/roles
2023-02-07 21:42:03 [32minfo[39m: 	SELECT * FROM roles_table where status=1;
2023-02-07 21:42:28 [32minfo[39m: 	Requested URL : 
2023-02-07 21:42:28 [32minfo[39m: 	/view_task
2023-02-07 21:42:28 [32minfo[39m: 	Requested URL : 
2023-02-07 21:42:28 [32minfo[39m: 	/view_task
2023-02-07 21:42:28 [32minfo[39m: 	SELECT * FROM tasks_dlt_t where c_by=2
2023-02-07 21:42:28 [32minfo[39m: 	Requested URL : 
2023-02-07 21:42:28 [32minfo[39m: 	/roles
2023-02-07 21:42:28 [32minfo[39m: 	Requested URL : 
2023-02-07 21:42:28 [32minfo[39m: 	/roles
2023-02-07 21:42:28 [32minfo[39m: 	SELECT * FROM roles_table where status=1;
2023-02-07 21:43:58 [32minfo[39m: 	Requested URL : 
2023-02-07 21:43:58 [32minfo[39m: 	/view_task
2023-02-07 21:43:58 [32minfo[39m: 	Requested URL : 
2023-02-07 21:43:58 [32minfo[39m: 	/view_task
2023-02-07 21:43:58 [32minfo[39m: 	SELECT * FROM tasks_dlt_t where c_by=2
2023-02-07 21:43:58 [32minfo[39m: 	Requested URL : 
2023-02-07 21:43:58 [32minfo[39m: 	/roles
2023-02-07 21:43:58 [32minfo[39m: 	Requested URL : 
2023-02-07 21:43:58 [32minfo[39m: 	/roles
2023-02-07 21:43:58 [32minfo[39m: 	SELECT * FROM roles_table where status=1;
2023-02-07 21:54:04 [32minfo[39m: 	Requested URL : 
2023-02-07 21:54:04 [32minfo[39m: 	/view_task
2023-02-07 21:54:04 [32minfo[39m: 	Requested URL : 
2023-02-07 21:54:04 [32minfo[39m: 	/view_task
2023-02-07 21:54:04 [32minfo[39m: 	SELECT * FROM tasks_dlt_t where c_by=2
2023-02-07 21:54:04 [32minfo[39m: 	Requested URL : 
2023-02-07 21:54:04 [32minfo[39m: 	/roles
2023-02-07 21:54:04 [32minfo[39m: 	Requested URL : 
2023-02-07 21:54:04 [32minfo[39m: 	/roles
2023-02-07 21:54:04 [32minfo[39m: 	SELECT * FROM roles_table where status=1;
2023-02-07 21:54:31 [32minfo[39m: 	Requested URL : 
2023-02-07 21:54:31 [32minfo[39m: 	/view_task
2023-02-07 21:54:31 [32minfo[39m: 	Requested URL : 
2023-02-07 21:54:31 [32minfo[39m: 	/view_task
2023-02-07 21:54:31 [32minfo[39m: 	SELECT * FROM tasks_dlt_t where c_by=2
2023-02-07 21:54:31 [32minfo[39m: 	Requested URL : 
2023-02-07 21:54:31 [32minfo[39m: 	/roles
2023-02-07 21:54:31 [32minfo[39m: 	Requested URL : 
2023-02-07 21:54:31 [32minfo[39m: 	/roles
2023-02-07 21:54:31 [32minfo[39m: 	SELECT * FROM roles_table where status=1;
2023-02-07 22:01:04 [32minfo[39m: 	Requested URL : 
2023-02-07 22:01:04 [32minfo[39m: 	/view_task
2023-02-07 22:01:04 [32minfo[39m: 	Requested URL : 
2023-02-07 22:01:04 [32minfo[39m: 	/roles
2023-02-07 22:01:04 [32minfo[39m: 	Requested URL : 
2023-02-07 22:01:04 [32minfo[39m: 	/view_task
2023-02-07 22:01:04 [32minfo[39m: 	SELECT * FROM tasks_dlt_t where c_by=2
2023-02-07 22:01:04 [32minfo[39m: 	Requested URL : 
2023-02-07 22:01:04 [32minfo[39m: 	/roles
2023-02-07 22:01:04 [32minfo[39m: 	SELECT * FROM roles_table where status=1;
2023-02-07 22:01:22 [32minfo[39m: 	Requested URL : 
2023-02-07 22:01:22 [32minfo[39m: 	/view_task
2023-02-07 22:01:22 [32minfo[39m: 	Requested URL : 
2023-02-07 22:01:22 [32minfo[39m: 	/roles
2023-02-07 22:01:22 [32minfo[39m: 	Requested URL : 
2023-02-07 22:01:22 [32minfo[39m: 	/view_task
2023-02-07 22:01:22 [32minfo[39m: 	SELECT * FROM tasks_dlt_t where c_by=2
2023-02-07 22:01:22 [32minfo[39m: 	Requested URL : 
2023-02-07 22:01:22 [32minfo[39m: 	/roles
2023-02-07 22:01:22 [32minfo[39m: 	SELECT * FROM roles_table where status=1;
2023-02-07 22:15:11 [32minfo[39m: 	Requested URL : 
2023-02-07 22:15:11 [32minfo[39m: 	/view_task
2023-02-07 22:15:11 [32minfo[39m: 	Requested URL : 
2023-02-07 22:15:11 [32minfo[39m: 	/roles
2023-02-07 22:15:11 [32minfo[39m: 	Requested URL : 
2023-02-07 22:15:11 [32minfo[39m: 	/view_task
2023-02-07 22:15:11 [32minfo[39m: 	Requested URL : 
2023-02-07 22:15:11 [32minfo[39m: 	/roles
2023-02-07 22:15:11 [32minfo[39m: 	SELECT * FROM tasks_dlt_t where c_by=2
2023-02-07 22:15:11 [32minfo[39m: 	SELECT * FROM roles_table where status=1;
2023-02-07 22:15:30 [32minfo[39m: 	Requested URL : 
2023-02-07 22:15:30 [32minfo[39m: 	/view_task
2023-02-07 22:15:30 [32minfo[39m: 	Requested URL : 
2023-02-07 22:15:30 [32minfo[39m: 	/roles
2023-02-07 22:15:30 [32minfo[39m: 	Requested URL : 
2023-02-07 22:15:30 [32minfo[39m: 	/view_task
2023-02-07 22:15:30 [32minfo[39m: 	SELECT * FROM tasks_dlt_t where c_by=2
2023-02-07 22:15:30 [32minfo[39m: 	Requested URL : 
2023-02-07 22:15:30 [32minfo[39m: 	/roles
2023-02-07 22:15:30 [32minfo[39m: 	SELECT * FROM roles_table where status=1;
2023-02-07 22:19:40 [32minfo[39m: 	Requested URL : 
2023-02-07 22:19:40 [32minfo[39m: 	/view_task
2023-02-07 22:19:40 [32minfo[39m: 	Requested URL : 
2023-02-07 22:19:40 [32minfo[39m: 	/roles
2023-02-07 22:19:40 [32minfo[39m: 	Requested URL : 
2023-02-07 22:19:40 [32minfo[39m: 	/view_task
2023-02-07 22:19:40 [32minfo[39m: 	SELECT * FROM tasks_dlt_t where c_by=2
2023-02-07 22:19:40 [32minfo[39m: 	Requested URL : 
2023-02-07 22:19:40 [32minfo[39m: 	/roles
2023-02-07 22:19:40 [32minfo[39m: 	SELECT * FROM roles_table where status=1;
2023-02-07 22:23:55 [32minfo[39m: 	Requested URL : 
2023-02-07 22:23:55 [32minfo[39m: 	/view_task
2023-02-07 22:23:55 [32minfo[39m: 	Requested URL : 
2023-02-07 22:23:55 [32minfo[39m: 	/view_task
2023-02-07 22:23:55 [32minfo[39m: 	Requested URL : 
2023-02-07 22:23:55 [32minfo[39m: 	/roles
2023-02-07 22:23:55 [32minfo[39m: 	SELECT * FROM tasks_dlt_t where c_by=2
2023-02-07 22:23:55 [32minfo[39m: 	Requested URL : 
2023-02-07 22:23:55 [32minfo[39m: 	/roles
2023-02-07 22:23:55 [32minfo[39m: 	SELECT * FROM roles_table where status=1;
2023-02-07 22:25:50 [32minfo[39m: 	Requested URL : 
2023-02-07 22:25:50 [32minfo[39m: 	/view_task
2023-02-07 22:25:50 [32minfo[39m: 	Requested URL : 
2023-02-07 22:25:50 [32minfo[39m: 	/view_task
2023-02-07 22:25:50 [32minfo[39m: 	SELECT * FROM tasks_dlt_t where c_by=2
2023-02-07 22:25:50 [32minfo[39m: 	Requested URL : 
2023-02-07 22:25:50 [32minfo[39m: 	/roles
2023-02-07 22:25:50 [32minfo[39m: 	Requested URL : 
2023-02-07 22:25:50 [32minfo[39m: 	/roles
2023-02-07 22:25:50 [32minfo[39m: 	SELECT * FROM roles_table where status=1;
2023-02-07 22:27:08 [32minfo[39m: 	Requested URL : 
2023-02-07 22:27:08 [32minfo[39m: 	/view_task
2023-02-07 22:27:08 [32minfo[39m: 	Requested URL : 
2023-02-07 22:27:08 [32minfo[39m: 	/roles
2023-02-07 22:27:08 [32minfo[39m: 	Requested URL : 
2023-02-07 22:27:08 [32minfo[39m: 	/view_task
2023-02-07 22:27:08 [32minfo[39m: 	SELECT * FROM tasks_dlt_t where c_by=2
2023-02-07 22:27:08 [32minfo[39m: 	Requested URL : 
2023-02-07 22:27:08 [32minfo[39m: 	/roles
2023-02-07 22:27:08 [32minfo[39m: 	SELECT * FROM roles_table where status=1;
2023-02-07 22:27:25 [32minfo[39m: 	Requested URL : 
2023-02-07 22:27:25 [32minfo[39m: 	/view_task
2023-02-07 22:27:25 [32minfo[39m: 	Requested URL : 
2023-02-07 22:27:25 [32minfo[39m: 	/roles
2023-02-07 22:27:25 [32minfo[39m: 	Requested URL : 
2023-02-07 22:27:25 [32minfo[39m: 	/view_task
2023-02-07 22:27:25 [32minfo[39m: 	SELECT * FROM tasks_dlt_t where c_by=2
2023-02-07 22:27:25 [32minfo[39m: 	Requested URL : 
2023-02-07 22:27:25 [32minfo[39m: 	/roles
2023-02-07 22:27:25 [32minfo[39m: 	SELECT * FROM roles_table where status=1;
2023-02-07 22:27:50 [32minfo[39m: 	Requested URL : 
2023-02-07 22:27:50 [32minfo[39m: 	/view_task
2023-02-07 22:27:50 [32minfo[39m: 	Requested URL : 
2023-02-07 22:27:50 [32minfo[39m: 	/view_task
2023-02-07 22:27:50 [32minfo[39m: 	SELECT * FROM tasks_dlt_t where c_by=2
2023-02-07 22:28:02 [32minfo[39m: 	Requested URL : 
2023-02-07 22:28:02 [32minfo[39m: 	/view_task
2023-02-07 22:28:02 [32minfo[39m: 	Requested URL : 
2023-02-07 22:28:02 [32minfo[39m: 	/view_task
2023-02-07 22:28:02 [32minfo[39m: 	SELECT * FROM tasks_dlt_t where c_by=2
2023-02-07 22:28:02 [32minfo[39m: 	Requested URL : 
2023-02-07 22:28:02 [32minfo[39m: 	/roles
2023-02-07 22:28:02 [32minfo[39m: 	Requested URL : 
2023-02-07 22:28:02 [32minfo[39m: 	/roles
2023-02-07 22:28:02 [32minfo[39m: 	SELECT * FROM roles_table where status=1;
2023-02-07 22:28:39 [32minfo[39m: 	Requested URL : 
2023-02-07 22:28:39 [32minfo[39m: 	/view_task
2023-02-07 22:28:39 [32minfo[39m: 	Requested URL : 
2023-02-07 22:28:39 [32minfo[39m: 	/view_task
2023-02-07 22:28:39 [32minfo[39m: 	SELECT * FROM tasks_dlt_t where c_by=2
2023-02-07 22:28:39 [32minfo[39m: 	Requested URL : 
2023-02-07 22:28:39 [32minfo[39m: 	/roles
2023-02-07 22:28:40 [32minfo[39m: 	Requested URL : 
2023-02-07 22:28:40 [32minfo[39m: 	/roles
2023-02-07 22:28:40 [32minfo[39m: 	SELECT * FROM roles_table where status=1;
2023-02-07 22:29:21 [32minfo[39m: 	Requested URL : 
2023-02-07 22:29:21 [32minfo[39m: 	/view_task
2023-02-07 22:29:21 [32minfo[39m: 	Requested URL : 
2023-02-07 22:29:21 [32minfo[39m: 	/view_task
2023-02-07 22:29:21 [32minfo[39m: 	SELECT * FROM tasks_dlt_t where c_by=2
2023-02-07 22:29:21 [32minfo[39m: 	Requested URL : 
2023-02-07 22:29:21 [32minfo[39m: 	/roles
2023-02-07 22:29:21 [32minfo[39m: 	Requested URL : 
2023-02-07 22:29:21 [32minfo[39m: 	/roles
2023-02-07 22:29:21 [32minfo[39m: 	SELECT * FROM roles_table where status=1;
2023-02-07 22:32:14 [32minfo[39m: 	Requested URL : 
2023-02-07 22:32:14 [32minfo[39m: 	/view_task
2023-02-07 22:32:14 [32minfo[39m: 	Requested URL : 
2023-02-07 22:32:14 [32minfo[39m: 	/view_task
2023-02-07 22:32:14 [32minfo[39m: 	SELECT * FROM tasks_dlt_t where c_by=2
2023-02-07 22:32:14 [32minfo[39m: 	Requested URL : 
2023-02-07 22:32:14 [32minfo[39m: 	/roles
2023-02-07 22:32:14 [32minfo[39m: 	Requested URL : 
2023-02-07 22:32:14 [32minfo[39m: 	/roles
2023-02-07 22:32:14 [32minfo[39m: 	SELECT * FROM roles_table where status=1;
2023-02-07 22:33:27 [32minfo[39m: 	Requested URL : 
2023-02-07 22:33:27 [32minfo[39m: 	/view_task
2023-02-07 22:33:27 [32minfo[39m: 	Requested URL : 
2023-02-07 22:33:27 [32minfo[39m: 	/view_task
2023-02-07 22:33:27 [32minfo[39m: 	SELECT * FROM tasks_dlt_t where c_by=2
2023-02-07 22:33:27 [32minfo[39m: 	Requested URL : 
2023-02-07 22:33:27 [32minfo[39m: 	/roles
2023-02-07 22:33:27 [32minfo[39m: 	Requested URL : 
2023-02-07 22:33:27 [32minfo[39m: 	/roles
2023-02-07 22:33:27 [32minfo[39m: 	SELECT * FROM roles_table where status=1;
2023-02-07 22:33:36 [32minfo[39m: 	Requested URL : 
2023-02-07 22:33:36 [32minfo[39m: 	/view_task
2023-02-07 22:33:36 [32minfo[39m: 	Requested URL : 
2023-02-07 22:33:36 [32minfo[39m: 	/view_task
2023-02-07 22:33:36 [32minfo[39m: 	SELECT * FROM tasks_dlt_t where c_by=2
2023-02-07 22:33:36 [32minfo[39m: 	Requested URL : 
2023-02-07 22:33:36 [32minfo[39m: 	/roles
2023-02-07 22:33:36 [32minfo[39m: 	Requested URL : 
2023-02-07 22:33:36 [32minfo[39m: 	/roles
2023-02-07 22:33:36 [32minfo[39m: 	SELECT * FROM roles_table where status=1;
2023-02-07 22:34:00 [32minfo[39m: 	Requested URL : 
2023-02-07 22:34:00 [32minfo[39m: 	/view_task
2023-02-07 22:34:00 [32minfo[39m: 	Requested URL : 
2023-02-07 22:34:00 [32minfo[39m: 	/view_task
2023-02-07 22:34:00 [32minfo[39m: 	Requested URL : 
2023-02-07 22:34:00 [32minfo[39m: 	/roles
2023-02-07 22:34:00 [32minfo[39m: 	SELECT * FROM tasks_dlt_t where c_by=2
2023-02-07 22:34:00 [32minfo[39m: 	Requested URL : 
2023-02-07 22:34:00 [32minfo[39m: 	/roles
2023-02-07 22:34:00 [32minfo[39m: 	SELECT * FROM roles_table where status=1;
2023-02-07 22:40:39 [32minfo[39m: 	Requested URL : 
2023-02-07 22:40:39 [32minfo[39m: 	/view_task
2023-02-07 22:40:39 [32minfo[39m: 	Requested URL : 
2023-02-07 22:40:39 [32minfo[39m: 	/view_task
2023-02-07 22:40:39 [32minfo[39m: 	SELECT * FROM tasks_dlt_t where c_by=2
2023-02-07 22:40:39 [32minfo[39m: 	Requested URL : 
2023-02-07 22:40:39 [32minfo[39m: 	/roles
2023-02-07 22:40:39 [32minfo[39m: 	Requested URL : 
2023-02-07 22:40:39 [32minfo[39m: 	/roles
2023-02-07 22:40:39 [32minfo[39m: 	SELECT * FROM roles_table where status=1;
2023-02-07 22:40:55 [32minfo[39m: 	Requested URL : 
2023-02-07 22:40:55 [32minfo[39m: 	/view_task
2023-02-07 22:40:55 [32minfo[39m: 	Requested URL : 
2023-02-07 22:40:55 [32minfo[39m: 	/view_task
2023-02-07 22:40:55 [32minfo[39m: 	SELECT * FROM tasks_dlt_t where c_by=2
2023-02-07 22:40:55 [32minfo[39m: 	Requested URL : 
2023-02-07 22:40:55 [32minfo[39m: 	/roles
2023-02-07 22:40:55 [32minfo[39m: 	Requested URL : 
2023-02-07 22:40:55 [32minfo[39m: 	/roles
2023-02-07 22:40:55 [32minfo[39m: 	SELECT * FROM roles_table where status=1;
2023-02-07 22:41:08 [32minfo[39m: 	Requested URL : 
2023-02-07 22:41:08 [32minfo[39m: 	/view_task
2023-02-07 22:41:08 [32minfo[39m: 	Requested URL : 
2023-02-07 22:41:08 [32minfo[39m: 	/view_task
2023-02-07 22:41:08 [32minfo[39m: 	SELECT * FROM tasks_dlt_t where c_by=2
2023-02-07 22:41:08 [32minfo[39m: 	Requested URL : 
2023-02-07 22:41:08 [32minfo[39m: 	/roles
2023-02-07 22:41:08 [32minfo[39m: 	Requested URL : 
2023-02-07 22:41:08 [32minfo[39m: 	/roles
2023-02-07 22:41:08 [32minfo[39m: 	SELECT * FROM roles_table where status=1;
2023-02-07 22:41:19 [32minfo[39m: 	Requested URL : 
2023-02-07 22:41:19 [32minfo[39m: 	/creating_task
2023-02-07 22:41:19 [32minfo[39m: 	Requested URL : 
2023-02-07 22:41:19 [32minfo[39m: 	/creating_task
2023-02-07 22:41:19 [32minfo[39m: 	select * from tasks_dlt_t where task_name=NULL and task_desc=NULL
2023-02-07 22:41:19 [32minfo[39m: 	insert into tasks_dlt_t(task_name, task_desc, created_role_id, c_by) values(NULL, NULL, NULL, 2)
2023-02-07 22:41:19 [32minfo[39m: 	select * from tasks_dlt_t where id=14
2023-02-07 22:41:22 [32minfo[39m: 	Requested URL : 
2023-02-07 22:41:22 [32minfo[39m: 	/view_task
2023-02-07 22:41:22 [32minfo[39m: 	Requested URL : 
2023-02-07 22:41:22 [32minfo[39m: 	/view_task
2023-02-07 22:41:22 [32minfo[39m: 	SELECT * FROM tasks_dlt_t where c_by=2
2023-02-07 22:41:22 [32minfo[39m: 	Requested URL : 
2023-02-07 22:41:22 [32minfo[39m: 	/roles
2023-02-07 22:41:22 [32minfo[39m: 	Requested URL : 
2023-02-07 22:41:22 [32minfo[39m: 	/roles
2023-02-07 22:41:22 [32minfo[39m: 	SELECT * FROM roles_table where status=1;
2023-02-07 22:42:30 [32minfo[39m: 	Requested URL : 
2023-02-07 22:42:30 [32minfo[39m: 	/creating_task
2023-02-07 22:42:30 [32minfo[39m: 	Requested URL : 
2023-02-07 22:42:30 [32minfo[39m: 	/creating_task
2023-02-07 22:42:30 [32minfo[39m: 	select * from tasks_dlt_t where task_name=NULL and task_desc=NULL
2023-02-07 22:42:30 [32minfo[39m: 	insert into tasks_dlt_t(task_name, task_desc, created_role_id, c_by) values(NULL, NULL, NULL, 2)
2023-02-07 22:42:30 [32minfo[39m: 	select * from tasks_dlt_t where id=15
2023-02-07 22:43:27 [32minfo[39m: 	Requested URL : 
2023-02-07 22:43:27 [32minfo[39m: 	/view_task
2023-02-07 22:43:27 [32minfo[39m: 	Requested URL : 
2023-02-07 22:43:27 [32minfo[39m: 	/view_task
2023-02-07 22:43:27 [32minfo[39m: 	Requested URL : 
2023-02-07 22:43:27 [32minfo[39m: 	/roles
2023-02-07 22:43:27 [32minfo[39m: 	SELECT * FROM tasks_dlt_t where c_by=2
2023-02-07 22:43:27 [32minfo[39m: 	Requested URL : 
2023-02-07 22:43:27 [32minfo[39m: 	/roles
2023-02-07 22:43:27 [32minfo[39m: 	SELECT * FROM roles_table where status=1;
2023-02-07 22:47:16 [32minfo[39m: 	Requested URL : 
2023-02-07 22:47:16 [32minfo[39m: 	/view_task
2023-02-07 22:47:16 [32minfo[39m: 	Requested URL : 
2023-02-07 22:47:16 [32minfo[39m: 	/roles
2023-02-07 22:47:16 [32minfo[39m: 	Requested URL : 
2023-02-07 22:47:16 [32minfo[39m: 	/view_task
2023-02-07 22:47:16 [32minfo[39m: 	SELECT * FROM tasks_dlt_t where c_by=2
2023-02-07 22:47:16 [32minfo[39m: 	Requested URL : 
2023-02-07 22:47:16 [32minfo[39m: 	/roles
2023-02-07 22:47:16 [32minfo[39m: 	SELECT * FROM roles_table where status=1;
2023-02-07 22:47:33 [32minfo[39m: 	Requested URL : 
2023-02-07 22:47:33 [32minfo[39m: 	/view_task
2023-02-07 22:47:33 [32minfo[39m: 	Requested URL : 
2023-02-07 22:47:33 [32minfo[39m: 	/view_task
2023-02-07 22:47:33 [32minfo[39m: 	SELECT * FROM tasks_dlt_t where c_by=2
2023-02-07 22:47:33 [32minfo[39m: 	Requested URL : 
2023-02-07 22:47:33 [32minfo[39m: 	/roles
2023-02-07 22:47:33 [32minfo[39m: 	Requested URL : 
2023-02-07 22:47:33 [32minfo[39m: 	/roles
2023-02-07 22:47:33 [32minfo[39m: 	SELECT * FROM roles_table where status=1;
2023-02-07 22:48:10 [32minfo[39m: 	Requested URL : 
2023-02-07 22:48:10 [32minfo[39m: 	/creating_task
2023-02-07 22:48:10 [32minfo[39m: 	Requested URL : 
2023-02-07 22:48:10 [32minfo[39m: 	/creating_task
2023-02-07 22:48:10 [32minfo[39m: 	select * from tasks_dlt_t where task_name=NULL and task_desc=NULL
2023-02-07 22:48:10 [32minfo[39m: 	insert into tasks_dlt_t(task_name, task_desc, created_role_id, c_by) values(NULL, NULL, NULL, 2)
2023-02-07 22:48:10 [32minfo[39m: 	select * from tasks_dlt_t where id=16
2023-02-07 22:48:12 [32minfo[39m: 	Requested URL : 
2023-02-07 22:48:12 [32minfo[39m: 	/view_task
2023-02-07 22:48:12 [32minfo[39m: 	Requested URL : 
2023-02-07 22:48:12 [32minfo[39m: 	/view_task
2023-02-07 22:48:12 [32minfo[39m: 	SELECT * FROM tasks_dlt_t where c_by=2
2023-02-07 22:48:12 [32minfo[39m: 	Requested URL : 
2023-02-07 22:48:12 [32minfo[39m: 	/roles
2023-02-07 22:48:12 [32minfo[39m: 	Requested URL : 
2023-02-07 22:48:12 [32minfo[39m: 	/roles
2023-02-07 22:48:12 [32minfo[39m: 	SELECT * FROM roles_table where status=1;
2023-02-07 22:48:42 [32minfo[39m: 	Requested URL : 
2023-02-07 22:48:42 [32minfo[39m: 	/send_message
2023-02-07 22:48:42 [32minfo[39m: 	insert into send_message_dtl_t (role_id, name, message, created_by) values(1, '11', 'You are under arrest. Do ur own business', 11)
2023-02-07 22:48:42 [32minfo[39m: 	select * from send_message_dtl_t where id=4 
2023-02-07 22:49:32 [32minfo[39m: 	Requested URL : 
2023-02-07 22:49:32 [32minfo[39m: 	/view_task
2023-02-07 22:49:32 [32minfo[39m: 	Requested URL : 
2023-02-07 22:49:32 [32minfo[39m: 	/view_task
2023-02-07 22:49:32 [32minfo[39m: 	SELECT * FROM tasks_dlt_t where c_by=2
2023-02-07 22:49:32 [32minfo[39m: 	Requested URL : 
2023-02-07 22:49:32 [32minfo[39m: 	/roles
2023-02-07 22:49:32 [32minfo[39m: 	Requested URL : 
2023-02-07 22:49:32 [32minfo[39m: 	/roles
2023-02-07 22:49:32 [32minfo[39m: 	SELECT * FROM roles_table where status=1;
2023-02-07 23:02:35 [32minfo[39m: 	Requested URL : 
2023-02-07 23:02:35 [32minfo[39m: 	/login
2023-02-07 23:02:35 [32minfo[39m: 	Requested URL : 
2023-02-07 23:02:35 [32minfo[39m: 	/login
2023-02-07 23:02:35 [32minfo[39m: 	Requested URL : 
2023-02-07 23:02:35 [32minfo[39m: 	/login
2023-02-07 23:02:35 [32minfo[39m: 	Requested URL : 
2023-02-07 23:02:35 [32minfo[39m: 	/login
2023-02-07 23:02:35 [32minfo[39m: 	SELECT * FROM users_dtl_t where email='sandeepcharispathway@gmail.com'
2023-02-07 23:02:35 [32minfo[39m: 	SELECT * FROM users_dtl_t where email='sandeepcharispathway@gmail.com'
2023-02-07 23:02:35 [32minfo[39m: 	SELECT * FROM users_dtl_t where email='sandeepcharispathway@gmail.com' and pwd='9390038284' 
2023-02-07 23:02:35 [32minfo[39m: 	SELECT * FROM users_dtl_t where email='sandeepcharispathway@gmail.com' and pwd='9390038284' 
2023-02-07 23:02:36 [32minfo[39m: 	Requested URL : 
2023-02-07 23:02:36 [32minfo[39m: 	/view_task
2023-02-07 23:02:36 [32minfo[39m: 	Requested URL : 
2023-02-07 23:02:36 [32minfo[39m: 	/view_task
2023-02-07 23:02:36 [32minfo[39m: 	Requested URL : 
2023-02-07 23:02:36 [32minfo[39m: 	/roles
2023-02-07 23:02:36 [32minfo[39m: 	SELECT * FROM tasks_dlt_t where c_by=2
2023-02-07 23:02:36 [32minfo[39m: 	Requested URL : 
2023-02-07 23:02:36 [32minfo[39m: 	/roles
2023-02-07 23:02:36 [32minfo[39m: 	SELECT * FROM roles_table where status=1;
2023-02-07 23:04:23 [32minfo[39m: 	Requested URL : 
2023-02-07 23:04:23 [32minfo[39m: 	/admincreateUser
2023-02-07 23:04:23 [32minfo[39m: 	Requested URL : 
2023-02-07 23:04:23 [32minfo[39m: 	/admincreateUser
2023-02-07 23:04:23 [32minfo[39m: 	SELECT * FROM users_dtl_t where email='john@gmail.com' and role=2 and phone_no='9704065712';
2023-02-07 23:04:23 [32minfo[39m: 	insert into users_dtl_t (email, pwd, role, user_name,designation, phone_no, joined_on) values("john@gmail.com","Test","2","john","developer","9704065712","12/10/2023");
2023-02-07 23:04:23 [31merror[39m: 	uncaughtException: email_service is not defined
ReferenceError: email_service is not defined
    at Query.<anonymous> (E:\ALL-Data\seedfund\AACS\utils\dbutils.js:21:25)
    at Query.<anonymous> (E:\ALL-Data\seedfund\AACS\node_modules\mysql\lib\Connection.js:526:10)
    at Query._callback (E:\ALL-Data\seedfund\AACS\node_modules\mysql\lib\Connection.js:488:16)
    at Query.Sequence.end (E:\ALL-Data\seedfund\AACS\node_modules\mysql\lib\protocol\sequences\Sequence.js:83:24)
    at Query.ErrorPacket (E:\ALL-Data\seedfund\AACS\node_modules\mysql\lib\protocol\sequences\Query.js:92:8)
    at Protocol._parsePacket (E:\ALL-Data\seedfund\AACS\node_modules\mysql\lib\protocol\Protocol.js:291:23)
    at Parser._parsePacket (E:\ALL-Data\seedfund\AACS\node_modules\mysql\lib\protocol\Parser.js:433:10)
    at Parser.write (E:\ALL-Data\seedfund\AACS\node_modules\mysql\lib\protocol\Parser.js:43:10)
    at Protocol.write (E:\ALL-Data\seedfund\AACS\node_modules\mysql\lib\protocol\Protocol.js:38:16)
    at Socket.<anonymous> (E:\ALL-Data\seedfund\AACS\node_modules\mysql\lib\Connection.js:88:28)
2023-02-07 23:04:25 [32minfo[39m: 	Requested URL : 
2023-02-07 23:04:25 [32minfo[39m: 	/view_task
2023-02-07 23:04:25 [32minfo[39m: 	Requested URL : 
2023-02-07 23:04:25 [32minfo[39m: 	/view_task
2023-02-07 23:04:25 [32minfo[39m: 	SELECT * FROM tasks_dlt_t where c_by=2
2023-02-07 23:04:25 [32minfo[39m: 	Requested URL : 
2023-02-07 23:04:25 [32minfo[39m: 	/roles
2023-02-07 23:04:25 [32minfo[39m: 	Requested URL : 
2023-02-07 23:04:25 [32minfo[39m: 	/roles
2023-02-07 23:04:25 [32minfo[39m: 	SELECT * FROM roles_table where status=1;
2023-02-07 23:05:06 [34mdebug[39m: 	CharisPathWay API server is listening at http://:::5555
2023-02-07 23:05:51 [32minfo[39m: 	Requested URL : 
2023-02-07 23:05:51 [32minfo[39m: 	/login
2023-02-07 23:05:51 [32minfo[39m: 	Requested URL : 
2023-02-07 23:05:51 [32minfo[39m: 	/login
2023-02-07 23:05:51 [32minfo[39m: 	Requested URL : 
2023-02-07 23:05:51 [32minfo[39m: 	/login
2023-02-07 23:05:51 [32minfo[39m: 	Requested URL : 
2023-02-07 23:05:51 [32minfo[39m: 	/login
2023-02-07 23:05:51 [32minfo[39m: 	SELECT * FROM users_dtl_t where email='sandeepcharispathway@gmail.com'
2023-02-07 23:05:51 [32minfo[39m: 	SELECT * FROM users_dtl_t where email='sandeepcharispathway@gmail.com'
2023-02-07 23:05:51 [32minfo[39m: 	SELECT * FROM users_dtl_t where email='sandeepcharispathway@gmail.com' and pwd='9390038284' 
2023-02-07 23:05:51 [32minfo[39m: 	SELECT * FROM users_dtl_t where email='sandeepcharispathway@gmail.com' and pwd='9390038284' 
2023-02-07 23:05:51 [32minfo[39m: 	Requested URL : 
2023-02-07 23:05:51 [32minfo[39m: 	/view_task
2023-02-07 23:05:51 [32minfo[39m: 	Requested URL : 
2023-02-07 23:05:51 [32minfo[39m: 	/view_task
2023-02-07 23:05:51 [32minfo[39m: 	SELECT * FROM tasks_dlt_t where c_by=2
2023-02-07 23:05:51 [32minfo[39m: 	Requested URL : 
2023-02-07 23:05:51 [32minfo[39m: 	/roles
2023-02-07 23:05:51 [32minfo[39m: 	Requested URL : 
2023-02-07 23:05:51 [32minfo[39m: 	/roles
2023-02-07 23:05:51 [32minfo[39m: 	SELECT * FROM roles_table where status=1;
2023-02-07 23:06:47 [32minfo[39m: 	Requested URL : 
2023-02-07 23:06:47 [32minfo[39m: 	/admincreateUser
2023-02-07 23:06:47 [32minfo[39m: 	Requested URL : 
2023-02-07 23:06:47 [32minfo[39m: 	/admincreateUser
2023-02-07 23:06:47 [32minfo[39m: 	SELECT * FROM users_dtl_t where email='john@gmail.com' and role=3 and phone_no='9704065712';
2023-02-07 23:06:47 [32minfo[39m: 	insert into users_dtl_t (email, pwd, role, user_name,designation, phone_no, joined_on) values("john@gmail.com","Test","3","john","developer","9704065712","6-02-2023");
2023-02-07 23:06:47 [31merror[39m: 	uncaughtException: email_service is not defined
ReferenceError: email_service is not defined
    at Query.<anonymous> (E:\ALL-Data\seedfund\AACS\utils\dbutils.js:21:25)
    at Query.<anonymous> (E:\ALL-Data\seedfund\AACS\node_modules\mysql\lib\Connection.js:526:10)
    at Query._callback (E:\ALL-Data\seedfund\AACS\node_modules\mysql\lib\Connection.js:488:16)
    at Query.Sequence.end (E:\ALL-Data\seedfund\AACS\node_modules\mysql\lib\protocol\sequences\Sequence.js:83:24)
    at Query.ErrorPacket (E:\ALL-Data\seedfund\AACS\node_modules\mysql\lib\protocol\sequences\Query.js:92:8)
    at Protocol._parsePacket (E:\ALL-Data\seedfund\AACS\node_modules\mysql\lib\protocol\Protocol.js:291:23)
    at Parser._parsePacket (E:\ALL-Data\seedfund\AACS\node_modules\mysql\lib\protocol\Parser.js:433:10)
    at Parser.write (E:\ALL-Data\seedfund\AACS\node_modules\mysql\lib\protocol\Parser.js:43:10)
    at Protocol.write (E:\ALL-Data\seedfund\AACS\node_modules\mysql\lib\protocol\Protocol.js:38:16)
    at Socket.<anonymous> (E:\ALL-Data\seedfund\AACS\node_modules\mysql\lib\Connection.js:88:28)
2023-02-07 23:06:52 [32minfo[39m: 	Requested URL : 
2023-02-07 23:06:52 [32minfo[39m: 	/admincreateUser
2023-02-07 23:06:52 [32minfo[39m: 	Requested URL : 
2023-02-07 23:06:52 [32minfo[39m: 	/admincreateUser
2023-02-07 23:06:52 [32minfo[39m: 	SELECT * FROM users_dtl_t where email='john@gmail.com' and role=3 and phone_no='9704065712';
2023-02-07 23:06:52 [32minfo[39m: 	insert into users_dtl_t (email, pwd, role, user_name,designation, phone_no, joined_on) values("john@gmail.com","Test","3","john","developer","9704065712","6-02-2023");
2023-02-07 23:06:52 [31merror[39m: 	uncaughtException: email_service is not defined
ReferenceError: email_service is not defined
    at Query.<anonymous> (E:\ALL-Data\seedfund\AACS\utils\dbutils.js:21:25)
    at Query.<anonymous> (E:\ALL-Data\seedfund\AACS\node_modules\mysql\lib\Connection.js:526:10)
    at Query._callback (E:\ALL-Data\seedfund\AACS\node_modules\mysql\lib\Connection.js:488:16)
    at Query.Sequence.end (E:\ALL-Data\seedfund\AACS\node_modules\mysql\lib\protocol\sequences\Sequence.js:83:24)
    at Query.ErrorPacket (E:\ALL-Data\seedfund\AACS\node_modules\mysql\lib\protocol\sequences\Query.js:92:8)
    at Protocol._parsePacket (E:\ALL-Data\seedfund\AACS\node_modules\mysql\lib\protocol\Protocol.js:291:23)
    at Parser._parsePacket (E:\ALL-Data\seedfund\AACS\node_modules\mysql\lib\protocol\Parser.js:433:10)
    at Parser.write (E:\ALL-Data\seedfund\AACS\node_modules\mysql\lib\protocol\Parser.js:43:10)
    at Protocol.write (E:\ALL-Data\seedfund\AACS\node_modules\mysql\lib\protocol\Protocol.js:38:16)
    at Socket.<anonymous> (E:\ALL-Data\seedfund\AACS\node_modules\mysql\lib\Connection.js:88:28)
2023-02-07 23:07:48 [32minfo[39m: 	Requested URL : 
2023-02-07 23:07:48 [32minfo[39m: 	/view_task
2023-02-07 23:07:48 [32minfo[39m: 	Requested URL : 
2023-02-07 23:07:48 [32minfo[39m: 	/view_task
2023-02-07 23:07:48 [32minfo[39m: 	SELECT * FROM tasks_dlt_t where c_by=2
2023-02-07 23:07:48 [32minfo[39m: 	Requested URL : 
2023-02-07 23:07:48 [32minfo[39m: 	/roles
2023-02-07 23:07:48 [32minfo[39m: 	Requested URL : 
2023-02-07 23:07:48 [32minfo[39m: 	/roles
2023-02-07 23:07:48 [32minfo[39m: 	SELECT * FROM roles_table where status=1;
2023-02-07 23:08:24 [32minfo[39m: 	Requested URL : 
2023-02-07 23:08:24 [32minfo[39m: 	/view_task
2023-02-07 23:08:24 [32minfo[39m: 	Requested URL : 
2023-02-07 23:08:24 [32minfo[39m: 	/view_task
2023-02-07 23:08:24 [32minfo[39m: 	SELECT * FROM tasks_dlt_t where c_by=2
2023-02-07 23:08:24 [32minfo[39m: 	Requested URL : 
2023-02-07 23:08:24 [32minfo[39m: 	/roles
2023-02-07 23:08:24 [32minfo[39m: 	Requested URL : 
2023-02-07 23:08:24 [32minfo[39m: 	/roles
2023-02-07 23:08:24 [32minfo[39m: 	SELECT * FROM roles_table where status=1;
2023-02-07 23:08:57 [32minfo[39m: 	Requested URL : 
2023-02-07 23:08:57 [32minfo[39m: 	/admincreateUser
2023-02-07 23:08:57 [32minfo[39m: 	Requested URL : 
2023-02-07 23:08:57 [32minfo[39m: 	/admincreateUser
2023-02-07 23:08:57 [32minfo[39m: 	SELECT * FROM users_dtl_t where email='john1@gmail.com' and role=3 and phone_no='9704065715';
2023-02-07 23:08:57 [32minfo[39m: 	insert into users_dtl_t (email, pwd, role, user_name,designation, phone_no, joined_on) values("john1@gmail.com","Test","3","john","developer","9704065715","6-02-2023");
2023-02-07 23:08:57 [31merror[39m: 	uncaughtException: email_service is not defined
ReferenceError: email_service is not defined
    at Query.<anonymous> (E:\ALL-Data\seedfund\AACS\utils\dbutils.js:21:25)
    at Query.<anonymous> (E:\ALL-Data\seedfund\AACS\node_modules\mysql\lib\Connection.js:526:10)
    at Query._callback (E:\ALL-Data\seedfund\AACS\node_modules\mysql\lib\Connection.js:488:16)
    at Query.Sequence.end (E:\ALL-Data\seedfund\AACS\node_modules\mysql\lib\protocol\sequences\Sequence.js:83:24)
    at Query.ErrorPacket (E:\ALL-Data\seedfund\AACS\node_modules\mysql\lib\protocol\sequences\Query.js:92:8)
    at Protocol._parsePacket (E:\ALL-Data\seedfund\AACS\node_modules\mysql\lib\protocol\Protocol.js:291:23)
    at Parser._parsePacket (E:\ALL-Data\seedfund\AACS\node_modules\mysql\lib\protocol\Parser.js:433:10)
    at Parser.write (E:\ALL-Data\seedfund\AACS\node_modules\mysql\lib\protocol\Parser.js:43:10)
    at Protocol.write (E:\ALL-Data\seedfund\AACS\node_modules\mysql\lib\protocol\Protocol.js:38:16)
    at Socket.<anonymous> (E:\ALL-Data\seedfund\AACS\node_modules\mysql\lib\Connection.js:88:28)
2023-02-07 23:10:17 [32minfo[39m: 	Requested URL : 
2023-02-07 23:10:17 [32minfo[39m: 	/creating_task
2023-02-07 23:10:17 [32minfo[39m: 	Requested URL : 
2023-02-07 23:10:17 [32minfo[39m: 	/creating_task
2023-02-07 23:10:17 [32minfo[39m: 	select * from tasks_dlt_t where task_name='Test@123' and task_desc='this is my first'
2023-02-07 23:10:17 [32minfo[39m: 	insert into tasks_dlt_t(task_name, task_desc, created_role_id, c_by) values('Test@123', 'this is my first', 1, 2)
2023-02-07 23:10:17 [32minfo[39m: 	select * from tasks_dlt_t where id=17
2023-02-07 23:10:19 [32minfo[39m: 	Requested URL : 
2023-02-07 23:10:19 [32minfo[39m: 	/view_task
2023-02-07 23:10:19 [32minfo[39m: 	Requested URL : 
2023-02-07 23:10:19 [32minfo[39m: 	/view_task
2023-02-07 23:10:19 [32minfo[39m: 	Requested URL : 
2023-02-07 23:10:19 [32minfo[39m: 	/roles
2023-02-07 23:10:19 [32minfo[39m: 	SELECT * FROM tasks_dlt_t where c_by=2
2023-02-07 23:10:19 [32minfo[39m: 	Requested URL : 
2023-02-07 23:10:19 [32minfo[39m: 	/roles
2023-02-07 23:10:19 [32minfo[39m: 	SELECT * FROM roles_table where status=1;
