2023-01-23 22:15:44 [31merror[39m: 	uncaughtException: Cannot find module 'bcryptjs'
Require stack:
- E:\अनुगच्छतु प्रवाह'\HASTODO\AACS\app.js
Error: Cannot find module 'bcryptjs'
Require stack:
- E:\अनुगच्छतु प्रवाह'\HASTODO\AACS\app.js
    at Function.Module._resolveFilename (node:internal/modules/cjs/loader:933:15)
    at Function.Module._load (node:internal/modules/cjs/loader:778:27)
    at Module.require (node:internal/modules/cjs/loader:1005:19)
    at require (node:internal/modules/cjs/helpers:102:18)
    at Object.<anonymous> (E:\अनुगच्छतु प्रवाह'\HASTODO\AACS\app.js:14:17)
    at Module._compile (node:internal/modules/cjs/loader:1101:14)
    at Object.Module._extensions..js (node:internal/modules/cjs/loader:1153:10)
    at Module.load (node:internal/modules/cjs/loader:981:32)
    at Function.Module._load (node:internal/modules/cjs/loader:822:12)
    at Function.executeUserEntryPoint [as runMain] (node:internal/modules/run_main:81:12)
2023-01-23 22:16:11 [31merror[39m: 	uncaughtException: Cannot find module 'mysql'
Require stack:
- E:\अनुगच्छतु प्रवाह'\HASTODO\AACS\config\dbconnect.js
- E:\अनुगच्छतु प्रवाह'\HASTODO\AACS\app.js
Error: Cannot find module 'mysql'
Require stack:
- E:\अनुगच्छतु प्रवाह'\HASTODO\AACS\config\dbconnect.js
- E:\अनुगच्छतु प्रवाह'\HASTODO\AACS\app.js
    at Function.Module._resolveFilename (node:internal/modules/cjs/loader:933:15)
    at Function.Module._load (node:internal/modules/cjs/loader:778:27)
    at Module.require (node:internal/modules/cjs/loader:1005:19)
    at require (node:internal/modules/cjs/helpers:102:18)
    at Object.<anonymous> (E:\अनुगच्छतु प्रवाह'\HASTODO\AACS\config\dbconnect.js:1:15)
    at Module._compile (node:internal/modules/cjs/loader:1101:14)
    at Object.Module._extensions..js (node:internal/modules/cjs/loader:1153:10)
    at Module.load (node:internal/modules/cjs/loader:981:32)
    at Function.Module._load (node:internal/modules/cjs/loader:822:12)
    at Module.require (node:internal/modules/cjs/loader:1005:19)
2023-01-23 22:16:52 [31merror[39m: 	uncaughtException: Cannot find module 'multer'
Require stack:
- E:\अनुगच्छतु प्रवाह'\HASTODO\AACS\app.js
Error: Cannot find module 'multer'
Require stack:
- E:\अनुगच्छतु प्रवाह'\HASTODO\AACS\app.js
    at Function.Module._resolveFilename (node:internal/modules/cjs/loader:933:15)
    at Function.Module._load (node:internal/modules/cjs/loader:778:27)
    at Module.require (node:internal/modules/cjs/loader:1005:19)
    at require (node:internal/modules/cjs/helpers:102:18)
    at Object.<anonymous> (E:\अनुगच्छतु प्रवाह'\HASTODO\AACS\app.js:18:17)
    at Module._compile (node:internal/modules/cjs/loader:1101:14)
    at Object.Module._extensions..js (node:internal/modules/cjs/loader:1153:10)
    at Module.load (node:internal/modules/cjs/loader:981:32)
    at Function.Module._load (node:internal/modules/cjs/loader:822:12)
    at Function.executeUserEntryPoint [as runMain] (node:internal/modules/run_main:81:12)
2023-01-23 22:17:20 [31merror[39m: 	uncaughtException: Router.use() requires a middleware function but got a Object
TypeError: Router.use() requires a middleware function but got a Object
    at Function.use (E:\अनुगच्छतु प्रवाह'\HASTODO\AACS\node_modules\express\lib\router\index.js:469:13)
    at Function.<anonymous> (E:\अनुगच्छतु प्रवाह'\HASTODO\AACS\node_modules\express\lib\application.js:227:21)
    at Array.forEach (<anonymous>)
    at Function.use (E:\अनुगच्छतु प्रवाह'\HASTODO\AACS\node_modules\express\lib\application.js:224:7)
    at Object.<anonymous> (E:\अनुगच्छतु प्रवाह'\HASTODO\AACS\app.js:48:5)
    at Module._compile (node:internal/modules/cjs/loader:1101:14)
    at Object.Module._extensions..js (node:internal/modules/cjs/loader:1153:10)
    at Module.load (node:internal/modules/cjs/loader:981:32)
    at Function.Module._load (node:internal/modules/cjs/loader:822:12)
    at Function.executeUserEntryPoint [as runMain] (node:internal/modules/run_main:81:12)
2023-01-23 22:18:11 [31merror[39m: 	uncaughtException: Router.use() requires a middleware function but got a Object
TypeError: Router.use() requires a middleware function but got a Object
    at Function.use (E:\अनुगच्छतु प्रवाह'\HASTODO\AACS\node_modules\express\lib\router\index.js:469:13)
    at Function.<anonymous> (E:\अनुगच्छतु प्रवाह'\HASTODO\AACS\node_modules\express\lib\application.js:227:21)
    at Array.forEach (<anonymous>)
    at Function.use (E:\अनुगच्छतु प्रवाह'\HASTODO\AACS\node_modules\express\lib\application.js:224:7)
    at Object.<anonymous> (E:\अनुगच्छतु प्रवाह'\HASTODO\AACS\app.js:48:5)
    at Module._compile (node:internal/modules/cjs/loader:1101:14)
    at Object.Module._extensions..js (node:internal/modules/cjs/loader:1153:10)
    at Module.load (node:internal/modules/cjs/loader:981:32)
    at Function.Module._load (node:internal/modules/cjs/loader:822:12)
    at Function.executeUserEntryPoint [as runMain] (node:internal/modules/run_main:81:12)
2023-01-23 22:18:20 [34mdebug[39m: 	Seedfund API server is listening at http://:::5555
2023-01-23 22:18:28 [31merror[39m: 	uncaughtException: Router.use() requires a middleware function but got a Object
TypeError: Router.use() requires a middleware function but got a Object
    at Function.use (E:\अनुगच्छतु प्रवाह'\HASTODO\AACS\node_modules\express\lib\router\index.js:469:13)
    at Function.<anonymous> (E:\अनुगच्छतु प्रवाह'\HASTODO\AACS\node_modules\express\lib\application.js:227:21)
    at Array.forEach (<anonymous>)
    at Function.use (E:\अनुगच्छतु प्रवाह'\HASTODO\AACS\node_modules\express\lib\application.js:224:7)
    at Object.<anonymous> (E:\अनुगच्छतु प्रवाह'\HASTODO\AACS\app.js:48:5)
    at Module._compile (node:internal/modules/cjs/loader:1101:14)
    at Object.Module._extensions..js (node:internal/modules/cjs/loader:1153:10)
    at Module.load (node:internal/modules/cjs/loader:981:32)
    at Function.Module._load (node:internal/modules/cjs/loader:822:12)
    at Function.executeUserEntryPoint [as runMain] (node:internal/modules/run_main:81:12)
2023-01-23 22:18:55 [31merror[39m: 	uncaughtException: Router.use() requires a middleware function but got a Object
TypeError: Router.use() requires a middleware function but got a Object
    at Function.use (E:\अनुगच्छतु प्रवाह'\HASTODO\AACS\node_modules\express\lib\router\index.js:469:13)
    at Function.<anonymous> (E:\अनुगच्छतु प्रवाह'\HASTODO\AACS\node_modules\express\lib\application.js:227:21)
    at Array.forEach (<anonymous>)
    at Function.use (E:\अनुगच्छतु प्रवाह'\HASTODO\AACS\node_modules\express\lib\application.js:224:7)
    at Object.<anonymous> (E:\अनुगच्छतु प्रवाह'\HASTODO\AACS\app.js:48:5)
    at Module._compile (node:internal/modules/cjs/loader:1101:14)
    at Object.Module._extensions..js (node:internal/modules/cjs/loader:1153:10)
    at Module.load (node:internal/modules/cjs/loader:981:32)
    at Function.Module._load (node:internal/modules/cjs/loader:822:12)
    at Function.executeUserEntryPoint [as runMain] (node:internal/modules/run_main:81:12)
2023-01-23 22:19:56 [31merror[39m: 	uncaughtException: Router.use() requires a middleware function but got a Object
TypeError: Router.use() requires a middleware function but got a Object
    at Function.use (E:\अनुगच्छतु प्रवाह'\HASTODO\AACS\node_modules\express\lib\router\index.js:469:13)
    at Function.<anonymous> (E:\अनुगच्छतु प्रवाह'\HASTODO\AACS\node_modules\express\lib\application.js:227:21)
    at Array.forEach (<anonymous>)
    at Function.use (E:\अनुगच्छतु प्रवाह'\HASTODO\AACS\node_modules\express\lib\application.js:224:7)
    at Object.<anonymous> (E:\अनुगच्छतु प्रवाह'\HASTODO\AACS\app.js:48:5)
    at Module._compile (node:internal/modules/cjs/loader:1101:14)
    at Object.Module._extensions..js (node:internal/modules/cjs/loader:1153:10)
    at Module.load (node:internal/modules/cjs/loader:981:32)
    at Function.Module._load (node:internal/modules/cjs/loader:822:12)
    at Function.executeUserEntryPoint [as runMain] (node:internal/modules/run_main:81:12)
2023-01-23 22:21:13 [31merror[39m: 	uncaughtException: Router.use() requires a middleware function but got a Object
TypeError: Router.use() requires a middleware function but got a Object
    at Function.use (E:\अनुगच्छतु प्रवाह'\HASTODO\AACS\node_modules\express\lib\router\index.js:469:13)
    at Function.<anonymous> (E:\अनुगच्छतु प्रवाह'\HASTODO\AACS\node_modules\express\lib\application.js:227:21)
    at Array.forEach (<anonymous>)
    at Function.use (E:\अनुगच्छतु प्रवाह'\HASTODO\AACS\node_modules\express\lib\application.js:224:7)
    at Object.<anonymous> (E:\अनुगच्छतु प्रवाह'\HASTODO\AACS\app.js:48:5)
    at Module._compile (node:internal/modules/cjs/loader:1101:14)
    at Object.Module._extensions..js (node:internal/modules/cjs/loader:1153:10)
    at Module.load (node:internal/modules/cjs/loader:981:32)
    at Function.Module._load (node:internal/modules/cjs/loader:822:12)
    at Function.executeUserEntryPoint [as runMain] (node:internal/modules/run_main:81:12)
2023-01-23 22:22:01 [31merror[39m: 	uncaughtException: express is not defined
ReferenceError: express is not defined
    at Object.<anonymous> (E:\अनुगच्छतु प्रवाह'\HASTODO\AACS\routes\routes.js:1:1)
    at Module._compile (node:internal/modules/cjs/loader:1101:14)
    at Object.Module._extensions..js (node:internal/modules/cjs/loader:1153:10)
    at Module.load (node:internal/modules/cjs/loader:981:32)
    at Function.Module._load (node:internal/modules/cjs/loader:822:12)
    at Module.require (node:internal/modules/cjs/loader:1005:19)
    at require (node:internal/modules/cjs/helpers:102:18)
    at Object.<anonymous> (E:\अनुगच्छतु प्रवाह'\HASTODO\AACS\app.js:48:14)
    at Module._compile (node:internal/modules/cjs/loader:1101:14)
    at Object.Module._extensions..js (node:internal/modules/cjs/loader:1153:10)
2023-01-23 22:22:31 [31merror[39m: 	uncaughtException: Router.use() requires a middleware function but got a Object
TypeError: Router.use() requires a middleware function but got a Object
    at Function.use (E:\अनुगच्छतु प्रवाह'\HASTODO\AACS\node_modules\express\lib\router\index.js:469:13)
    at Function.<anonymous> (E:\अनुगच्छतु प्रवाह'\HASTODO\AACS\node_modules\express\lib\application.js:227:21)
    at Array.forEach (<anonymous>)
    at Function.use (E:\अनुगच्छतु प्रवाह'\HASTODO\AACS\node_modules\express\lib\application.js:224:7)
    at Object.<anonymous> (E:\अनुगच्छतु प्रवाह'\HASTODO\AACS\app.js:48:5)
    at Module._compile (node:internal/modules/cjs/loader:1101:14)
    at Object.Module._extensions..js (node:internal/modules/cjs/loader:1153:10)
    at Module.load (node:internal/modules/cjs/loader:981:32)
    at Function.Module._load (node:internal/modules/cjs/loader:822:12)
    at Function.executeUserEntryPoint [as runMain] (node:internal/modules/run_main:81:12)
2023-01-23 22:24:17 [31merror[39m: 	uncaughtException: Router.use() requires a middleware function but got a Object
TypeError: Router.use() requires a middleware function but got a Object
    at Function.use (E:\अनुगच्छतु प्रवाह'\HASTODO\AACS\node_modules\express\lib\router\index.js:469:13)
    at Function.<anonymous> (E:\अनुगच्छतु प्रवाह'\HASTODO\AACS\node_modules\express\lib\application.js:227:21)
    at Array.forEach (<anonymous>)
    at Function.use (E:\अनुगच्छतु प्रवाह'\HASTODO\AACS\node_modules\express\lib\application.js:224:7)
    at Object.<anonymous> (E:\अनुगच्छतु प्रवाह'\HASTODO\AACS\app.js:48:5)
    at Module._compile (node:internal/modules/cjs/loader:1101:14)
    at Object.Module._extensions..js (node:internal/modules/cjs/loader:1153:10)
    at Module.load (node:internal/modules/cjs/loader:981:32)
    at Function.Module._load (node:internal/modules/cjs/loader:822:12)
    at Function.executeUserEntryPoint [as runMain] (node:internal/modules/run_main:81:12)
2023-01-23 22:26:02 [34mdebug[39m: 	API server is listening at http://:::5555
2023-01-23 22:27:08 [34mdebug[39m: 	API server is listening at http://:::5555
2023-01-23 22:27:34 [34mdebug[39m: 	Cpath API server is listening at http://:::5555
2023-01-23 22:27:39 [31merror[39m: 	uncaughtException: Router.use() requires a middleware function but got a Object
TypeError: Router.use() requires a middleware function but got a Object
    at Function.use (E:\अनुगच्छतु प्रवाह'\HASTODO\AACS\node_modules\express\lib\router\index.js:469:13)
    at Function.<anonymous> (E:\अनुगच्छतु प्रवाह'\HASTODO\AACS\node_modules\express\lib\application.js:227:21)
    at Array.forEach (<anonymous>)
    at Function.use (E:\अनुगच्छतु प्रवाह'\HASTODO\AACS\node_modules\express\lib\application.js:224:7)
    at Object.<anonymous> (E:\अनुगच्छतु प्रवाह'\HASTODO\AACS\app.js:48:5)
    at Module._compile (node:internal/modules/cjs/loader:1101:14)
    at Object.Module._extensions..js (node:internal/modules/cjs/loader:1153:10)
    at Module.load (node:internal/modules/cjs/loader:981:32)
    at Function.Module._load (node:internal/modules/cjs/loader:822:12)
    at Function.executeUserEntryPoint [as runMain] (node:internal/modules/run_main:81:12)
2023-01-23 22:29:07 [31merror[39m: 	uncaughtException: compression is not defined
ReferenceError: compression is not defined
    at Object.<anonymous> (E:\अनुगच्छतु प्रवाह'\HASTODO\AACS\app.js:25:5)
    at Module._compile (node:internal/modules/cjs/loader:1101:14)
    at Object.Module._extensions..js (node:internal/modules/cjs/loader:1153:10)
    at Module.load (node:internal/modules/cjs/loader:981:32)
    at Function.Module._load (node:internal/modules/cjs/loader:822:12)
    at Function.executeUserEntryPoint [as runMain] (node:internal/modules/run_main:81:12)
    at node:internal/main/run_main_module:17:47
2023-01-23 22:29:21 [31merror[39m: 	uncaughtException: Router.use() requires a middleware function but got a Object
TypeError: Router.use() requires a middleware function but got a Object
    at Function.use (E:\अनुगच्छतु प्रवाह'\HASTODO\AACS\node_modules\express\lib\router\index.js:469:13)
    at Function.<anonymous> (E:\अनुगच्छतु प्रवाह'\HASTODO\AACS\node_modules\express\lib\application.js:227:21)
    at Array.forEach (<anonymous>)
    at Function.use (E:\अनुगच्छतु प्रवाह'\HASTODO\AACS\node_modules\express\lib\application.js:224:7)
    at Object.<anonymous> (E:\अनुगच्छतु प्रवाह'\HASTODO\AACS\app.js:43:5)
    at Module._compile (node:internal/modules/cjs/loader:1101:14)
    at Object.Module._extensions..js (node:internal/modules/cjs/loader:1153:10)
    at Module.load (node:internal/modules/cjs/loader:981:32)
    at Function.Module._load (node:internal/modules/cjs/loader:822:12)
    at Function.executeUserEntryPoint [as runMain] (node:internal/modules/run_main:81:12)
2023-01-23 22:31:15 [34mdebug[39m: 	Gail Gas Admin Portal server is listening at http://:::2525
2023-01-23 22:31:32 [34mdebug[39m: 	Cpath API server is listening at http://:::5555
2023-01-23 22:32:46 [34mdebug[39m: 	Cpath API server is listening at http://:::5555
2023-01-23 22:32:57 [34mdebug[39m: 	Cpath API server is listening at http://:::5555
2023-01-23 22:33:35 [34mdebug[39m: 	CharisPathWay API server is listening at http://:::5555
2023-01-23 22:33:53 [34mdebug[39m: 	CharisPathWay API server is listening at http://:::5555
