2023-02-09 00:10:43 [31merror[39m: 	uncaughtException: Unexpected token ','
E:\ALL-Data\seedfund\AACS\routes\routes.js:8
router.post('/login', ,adminRoutes.login)
                      ^

SyntaxError: Unexpected token ','
    at Object.compileFunction (node:vm:352:18)
    at wrapSafe (node:internal/modules/cjs/loader:1031:15)
    at Module._compile (node:internal/modules/cjs/loader:1065:27)
    at Object.Module._extensions..js (node:internal/modules/cjs/loader:1153:10)
    at Module.load (node:internal/modules/cjs/loader:981:32)
    at Function.Module._load (node:internal/modules/cjs/loader:822:12)
    at Module.require (node:internal/modules/cjs/loader:1005:19)
    at require (node:internal/modules/cjs/helpers:102:18)
    at Object.<anonymous> (E:\ALL-Data\seedfund\AACS\app.js:48:14)
    at Module._compile (node:internal/modules/cjs/loader:1101:14)
2023-02-09 00:10:44 [34mdebug[39m: 	CharisPathWay API server is listening at http://:::5555
2023-02-09 00:10:49 [31merror[39m: 	uncaughtException: missing ) after argument list
E:\ALL-Data\seedfund\AACS\routes\routes.js:13
) adminRoutes.admincreateUser)
^

SyntaxError: missing ) after argument list
    at Object.compileFunction (node:vm:352:18)
    at wrapSafe (node:internal/modules/cjs/loader:1031:15)
    at Module._compile (node:internal/modules/cjs/loader:1065:27)
    at Object.Module._extensions..js (node:internal/modules/cjs/loader:1153:10)
    at Module.load (node:internal/modules/cjs/loader:981:32)
    at Function.Module._load (node:internal/modules/cjs/loader:822:12)
    at Module.require (node:internal/modules/cjs/loader:1005:19)
    at require (node:internal/modules/cjs/helpers:102:18)
    at Object.<anonymous> (E:\ALL-Data\seedfund\AACS\app.js:48:14)
    at Module._compile (node:internal/modules/cjs/loader:1101:14)
2023-02-09 00:10:50 [34mdebug[39m: 	CharisPathWay API server is listening at http://:::5555
2023-02-09 00:10:53 [32minfo[39m: 	Requested URL : 
2023-02-09 00:10:53 [32minfo[39m: 	/admincreateUser
2023-02-09 00:10:53 [32minfo[39m: 	SELECT * FROM users_dtl_t where email='sss' and role=NULL and phone_no=NULL;
2023-02-09 00:11:22 [32minfo[39m: 	Requested URL : 
2023-02-09 00:11:22 [32minfo[39m: 	/admincreateUser
2023-02-09 00:11:23 [31merror[39m: 	uncaughtException: current_timestamp is not defined
ReferenceError: current_timestamp is not defined
    at exports.admincreateUser (E:\ALL-Data\seedfund\AACS\controllers\adminCtrl.js:51:16)
    at Layer.handle [as handle_request] (E:\ALL-Data\seedfund\AACS\node_modules\express\lib\router\layer.js:95:5)
    at next (E:\ALL-Data\seedfund\AACS\node_modules\express\lib\router\route.js:144:13)
    at done (E:\ALL-Data\seedfund\AACS\node_modules\multer\lib\make-middleware.js:45:7)
    at indicateDone (E:\ALL-Data\seedfund\AACS\node_modules\multer\lib\make-middleware.js:49:68)
    at Multipart.<anonymous> (E:\ALL-Data\seedfund\AACS\node_modules\multer\lib\make-middleware.js:166:7)
    at Multipart.emit (node:events:390:28)
    at emitCloseNT (node:internal/streams/destroy:138:10)
    at processTicksAndRejections (node:internal/process/task_queues:82:21)
2023-02-09 00:11:39 [34mdebug[39m: 	CharisPathWay API server is listening at http://:::5555
2023-02-09 00:11:41 [31merror[39m: 	uncaughtException: Unexpected token 'if'
E:\ALL-Data\seedfund\AACS\controllers\adminCtrl.js:45
    if (req.files) {
    ^^

SyntaxError: Unexpected token 'if'
    at Object.compileFunction (node:vm:352:18)
    at wrapSafe (node:internal/modules/cjs/loader:1031:15)
    at Module._compile (node:internal/modules/cjs/loader:1065:27)
    at Object.Module._extensions..js (node:internal/modules/cjs/loader:1153:10)
    at Module.load (node:internal/modules/cjs/loader:981:32)
    at Function.Module._load (node:internal/modules/cjs/loader:822:12)
    at Module.require (node:internal/modules/cjs/loader:1005:19)
    at require (node:internal/modules/cjs/helpers:102:18)
    at Object.<anonymous> (E:\ALL-Data\seedfund\AACS\routes\routes.js:4:21)
    at Module._compile (node:internal/modules/cjs/loader:1101:14)
2023-02-09 00:11:43 [31merror[39m: 	uncaughtException: Unexpected token 'if'
E:\ALL-Data\seedfund\AACS\controllers\adminCtrl.js:45
    if (req.files) {
    ^^

SyntaxError: Unexpected token 'if'
    at Object.compileFunction (node:vm:352:18)
    at wrapSafe (node:internal/modules/cjs/loader:1031:15)
    at Module._compile (node:internal/modules/cjs/loader:1065:27)
    at Object.Module._extensions..js (node:internal/modules/cjs/loader:1153:10)
    at Module.load (node:internal/modules/cjs/loader:981:32)
    at Function.Module._load (node:internal/modules/cjs/loader:822:12)
    at Module.require (node:internal/modules/cjs/loader:1005:19)
    at require (node:internal/modules/cjs/helpers:102:18)
    at Object.<anonymous> (E:\ALL-Data\seedfund\AACS\routes\routes.js:4:21)
    at Module._compile (node:internal/modules/cjs/loader:1101:14)
2023-02-09 00:11:45 [34mdebug[39m: 	CharisPathWay API server is listening at http://:::5555
2023-02-09 00:13:57 [32minfo[39m: 	Requested URL : 
2023-02-09 00:13:57 [32minfo[39m: 	/admincreateUser
2023-02-09 00:13:57 [31merror[39m: 	uncaughtException: current_timestamp is not defined
ReferenceError: current_timestamp is not defined
    at exports.admincreateUser (E:\ALL-Data\seedfund\AACS\controllers\adminCtrl.js:52:16)
    at Layer.handle [as handle_request] (E:\ALL-Data\seedfund\AACS\node_modules\express\lib\router\layer.js:95:5)
    at next (E:\ALL-Data\seedfund\AACS\node_modules\express\lib\router\route.js:144:13)
    at done (E:\ALL-Data\seedfund\AACS\node_modules\multer\lib\make-middleware.js:45:7)
    at indicateDone (E:\ALL-Data\seedfund\AACS\node_modules\multer\lib\make-middleware.js:49:68)
    at Multipart.<anonymous> (E:\ALL-Data\seedfund\AACS\node_modules\multer\lib\make-middleware.js:166:7)
    at Multipart.emit (node:events:390:28)
    at emitCloseNT (node:internal/streams/destroy:138:10)
    at processTicksAndRejections (node:internal/process/task_queues:82:21)
2023-02-09 00:18:49 [32minfo[39m: 	Requested URL : 
2023-02-09 00:18:49 [32minfo[39m: 	/admincreateUser
2023-02-09 00:18:49 [31merror[39m: 	uncaughtException: current_timestamp is not defined
ReferenceError: current_timestamp is not defined
    at exports.admincreateUser (E:\ALL-Data\seedfund\AACS\controllers\adminCtrl.js:52:16)
    at Layer.handle [as handle_request] (E:\ALL-Data\seedfund\AACS\node_modules\express\lib\router\layer.js:95:5)
    at next (E:\ALL-Data\seedfund\AACS\node_modules\express\lib\router\route.js:144:13)
    at done (E:\ALL-Data\seedfund\AACS\node_modules\multer\lib\make-middleware.js:45:7)
    at indicateDone (E:\ALL-Data\seedfund\AACS\node_modules\multer\lib\make-middleware.js:49:68)
    at Multipart.<anonymous> (E:\ALL-Data\seedfund\AACS\node_modules\multer\lib\make-middleware.js:166:7)
    at Multipart.emit (node:events:390:28)
    at emitCloseNT (node:internal/streams/destroy:138:10)
    at processTicksAndRejections (node:internal/process/task_queues:82:21)
2023-02-09 00:19:23 [34mdebug[39m: 	CharisPathWay API server is listening at http://:::5555
2023-02-09 00:19:25 [32minfo[39m: 	Requested URL : 
2023-02-09 00:19:25 [32minfo[39m: 	/admincreateUser
2023-02-09 00:19:51 [32minfo[39m: 	Requested URL : 
2023-02-09 00:19:51 [32minfo[39m: 	/admincreateUser
2023-02-09 00:20:12 [32minfo[39m: 	Requested URL : 
2023-02-09 00:20:12 [32minfo[39m: 	/admincreateUser
2023-02-09 00:20:23 [34mdebug[39m: 	CharisPathWay API server is listening at http://:::5555
2023-02-09 00:20:25 [32minfo[39m: 	Requested URL : 
2023-02-09 00:20:25 [32minfo[39m: 	/admincreateUser
2023-02-09 00:20:41 [34mdebug[39m: 	CharisPathWay API server is listening at http://:::5555
2023-02-09 00:20:45 [32minfo[39m: 	Requested URL : 
2023-02-09 00:20:45 [32minfo[39m: 	/admincreateUser
2023-02-09 00:31:14 [34mdebug[39m: 	CharisPathWay API server is listening at http://:::5555
2023-02-09 00:31:16 [32minfo[39m: 	Requested URL : 
2023-02-09 00:31:16 [32minfo[39m: 	/admincreateUser
2023-02-09 00:31:44 [34mdebug[39m: 	CharisPathWay API server is listening at http://:::5555
2023-02-09 00:31:49 [32minfo[39m: 	Requested URL : 
2023-02-09 00:31:49 [32minfo[39m: 	/admincreateUser
2023-02-09 00:32:03 [34mdebug[39m: 	CharisPathWay API server is listening at http://:::5555
2023-02-09 00:32:05 [32minfo[39m: 	Requested URL : 
2023-02-09 00:32:05 [32minfo[39m: 	/admincreateUser
2023-02-09 00:32:24 [34mdebug[39m: 	CharisPathWay API server is listening at http://:::5555
2023-02-09 00:32:26 [32minfo[39m: 	Requested URL : 
2023-02-09 00:32:26 [32minfo[39m: 	/admincreateUser
2023-02-09 00:32:54 [34mdebug[39m: 	CharisPathWay API server is listening at http://:::5555
2023-02-09 00:32:56 [32minfo[39m: 	Requested URL : 
2023-02-09 00:32:56 [32minfo[39m: 	/admincreateUser
2023-02-09 00:33:21 [32minfo[39m: 	Requested URL : 
2023-02-09 00:33:21 [32minfo[39m: 	/admincreateUser
2023-02-09 00:33:41 [34mdebug[39m: 	CharisPathWay API server is listening at http://:::5555
2023-02-09 00:33:44 [32minfo[39m: 	Requested URL : 
2023-02-09 00:33:44 [32minfo[39m: 	/admincreateUser
2023-02-09 00:33:45 [31merror[39m: 	uncaughtException: Cannot read properties of undefined (reading '0')
TypeError: Cannot read properties of undefined (reading '0')
    at exports.admincreateUser (E:\ALL-Data\seedfund\AACS\controllers\adminCtrl.js:56:94)
    at Layer.handle [as handle_request] (E:\ALL-Data\seedfund\AACS\node_modules\express\lib\router\layer.js:95:5)
    at next (E:\ALL-Data\seedfund\AACS\node_modules\express\lib\router\route.js:144:13)
    at done (E:\ALL-Data\seedfund\AACS\node_modules\multer\lib\make-middleware.js:45:7)
    at indicateDone (E:\ALL-Data\seedfund\AACS\node_modules\multer\lib\make-middleware.js:49:68)
    at Multipart.<anonymous> (E:\ALL-Data\seedfund\AACS\node_modules\multer\lib\make-middleware.js:166:7)
    at Multipart.emit (node:events:390:28)
    at emitCloseNT (node:internal/streams/destroy:138:10)
    at processTicksAndRejections (node:internal/process/task_queues:82:21)
2023-02-09 00:34:21 [34mdebug[39m: 	CharisPathWay API server is listening at http://:::5555
2023-02-09 00:34:24 [32minfo[39m: 	Requested URL : 
2023-02-09 00:34:24 [32minfo[39m: 	/admincreateUser
2023-02-09 00:34:25 [32minfo[39m: 	SELECT * FROM users_dtl_t where email='sree@gmail.com' and role='1' and phone_no='1234567';
2023-02-09 00:35:24 [32minfo[39m: 	Requested URL : 
2023-02-09 00:35:24 [32minfo[39m: 	/admincreateUser
2023-02-09 00:35:24 [32minfo[39m: 	SELECT * FROM users_dtl_t where email='sree@gmail.com' and role='1' and phone_no='1234567';
2023-02-09 00:35:41 [34mdebug[39m: 	CharisPathWay API server is listening at http://:::5555
2023-02-09 00:35:43 [32minfo[39m: 	Requested URL : 
2023-02-09 00:35:43 [32minfo[39m: 	/admincreateUser
2023-02-09 00:35:44 [32minfo[39m: 	SELECT * FROM users_dtl_t where email='sree@gmail.com' and role='1' and phone_no='1234567';
2023-02-09 00:35:44 [32minfo[39m: 	insert into users_dtl_t (email, pwd, role, user_name,designation, phone_no, joined_on,offerletter_upload) 
                values("sree@gmail.com","Test@123","1","Mahesh","tester","1234567","joined_on","./filestorage/create_user_upload20230209003543_MBA_PROJECT_SYNOPSIS_AND_PROJECT_REPORT.pdf");
2023-02-09 00:35:44 [32minfo[39m: 	select * from users_dtl_t where id=18;
2023-02-09 01:42:55 [32minfo[39m: 	Requested URL : 
2023-02-09 01:42:55 [32minfo[39m: 	/login
2023-02-09 01:42:55 [32minfo[39m: 	Requested URL : 
2023-02-09 01:42:55 [32minfo[39m: 	/login
2023-02-09 01:42:55 [32minfo[39m: 	Requested URL : 
2023-02-09 01:42:55 [32minfo[39m: 	/login
2023-02-09 01:42:55 [32minfo[39m: 	Requested URL : 
2023-02-09 01:42:55 [32minfo[39m: 	/login
2023-02-09 01:42:55 [32minfo[39m: 	SELECT * FROM users_dtl_t where email='sandeepcharispathway@gmail.com'
2023-02-09 01:42:55 [32minfo[39m: 	SELECT * FROM users_dtl_t where email='sandeepcharispathway@gmail.com' and pwd='9390038284' 
2023-02-09 01:42:55 [32minfo[39m: 	SELECT * FROM users_dtl_t where email='sandeepcharispathway@gmail.com'
2023-02-09 01:42:55 [32minfo[39m: 	SELECT * FROM users_dtl_t where email='sandeepcharispathway@gmail.com' and pwd='9390038284' 
2023-02-09 01:42:56 [32minfo[39m: 	Requested URL : 
2023-02-09 01:42:56 [32minfo[39m: 	/view_task
2023-02-09 01:42:56 [32minfo[39m: 	Requested URL : 
2023-02-09 01:42:56 [32minfo[39m: 	/roles
2023-02-09 01:42:56 [32minfo[39m: 	Requested URL : 
2023-02-09 01:42:56 [32minfo[39m: 	/view_task
2023-02-09 01:42:56 [32minfo[39m: 	Requested URL : 
2023-02-09 01:42:56 [32minfo[39m: 	/roles
2023-02-09 01:42:56 [32minfo[39m: 	SELECT * FROM tasks_dlt_t where c_by=2  and   is_active=1 and year(c_ts)='undefined';
2023-02-09 01:42:56 [32minfo[39m: 	SELECT * FROM roles_table where status=1;
2023-02-09 01:46:05 [32minfo[39m: 	Requested URL : 
2023-02-09 01:46:05 [32minfo[39m: 	/view_task
2023-02-09 01:46:05 [32minfo[39m: 	Requested URL : 
2023-02-09 01:46:05 [32minfo[39m: 	/view_task
2023-02-09 01:46:05 [32minfo[39m: 	SELECT * FROM tasks_dlt_t where c_by=2  and   is_active=1 and year(c_ts)='undefined';
2023-02-09 01:46:05 [32minfo[39m: 	Requested URL : 
2023-02-09 01:46:05 [32minfo[39m: 	/roles
2023-02-09 01:46:06 [32minfo[39m: 	Requested URL : 
2023-02-09 01:46:06 [32minfo[39m: 	/roles
2023-02-09 01:46:06 [32minfo[39m: 	SELECT * FROM roles_table where status=1;
2023-02-09 01:48:55 [32minfo[39m: 	Requested URL : 
2023-02-09 01:48:55 [32minfo[39m: 	/view_task
2023-02-09 01:48:55 [32minfo[39m: 	Requested URL : 
2023-02-09 01:48:55 [32minfo[39m: 	/roles
2023-02-09 01:48:55 [32minfo[39m: 	Requested URL : 
2023-02-09 01:48:55 [32minfo[39m: 	/view_task
2023-02-09 01:48:55 [32minfo[39m: 	SELECT * FROM tasks_dlt_t where c_by=2  and   is_active=1 and year(c_ts)='undefined';
2023-02-09 01:48:55 [32minfo[39m: 	Requested URL : 
2023-02-09 01:48:55 [32minfo[39m: 	/roles
2023-02-09 01:48:55 [32minfo[39m: 	SELECT * FROM roles_table where status=1;
