2023-03-04 21:35:10 [34mdebug[39m: 	CharisPathWay API server is listening at http://:::5555
2023-03-04 23:08:07 [32minfo[39m: 	Requested URL : 
2023-03-04 23:08:07 [32minfo[39m: 	/login
2023-03-04 23:08:07 [32minfo[39m: 	Requested URL : 
2023-03-04 23:08:07 [32minfo[39m: 	/login
2023-03-04 23:08:07 [32minfo[39m: 	SELECT * FROM users_dtl_t where email='Monika.charispathway@gmail.com'
2023-03-04 23:08:07 [32minfo[39m: 	SELECT * FROM users_dtl_t where email='Monika.charispathway@gmail.com' and pwd='9492033837' 
2023-03-04 23:08:08 [32minfo[39m: 	Requested URL : 
2023-03-04 23:08:08 [32minfo[39m: 	/names_basedon_role
2023-03-04 23:08:08 [32minfo[39m: 	Requested URL : 
2023-03-04 23:08:08 [32minfo[39m: 	/names_basedon_role
2023-03-04 23:08:08 [32minfo[39m: 	Requested URL : 
2023-03-04 23:08:08 [32minfo[39m: 	/names_basedon_role
2023-03-04 23:08:08 [32minfo[39m: 	Requested URL : 
2023-03-04 23:08:08 [32minfo[39m: 	/view_task
2023-03-04 23:08:08 [32minfo[39m: 	Requested URL : 
2023-03-04 23:08:08 [32minfo[39m: 	/names_basedon_role
2023-03-04 23:08:08 [32minfo[39m: 	Requested URL : 
2023-03-04 23:08:08 [32minfo[39m: 	/names_basedon_role
2023-03-04 23:08:08 [32minfo[39m: 	Requested URL : 
2023-03-04 23:08:08 [32minfo[39m: 	/names_basedon_role
2023-03-04 23:08:08 [32minfo[39m: 	Requested URL : 
2023-03-04 23:08:08 [32minfo[39m: 	/view_task
2023-03-04 23:08:08 [32minfo[39m: 	Requested URL : 
2023-03-04 23:08:08 [32minfo[39m: 	/assigned_stud_list_csv
2023-03-04 23:08:08 [32minfo[39m: 	Requested URL : 
2023-03-04 23:08:08 [32minfo[39m: 	/roles
2023-03-04 23:08:08 [32minfo[39m: 	SELECT id,user_name,email FROM users_dtl_t where role=2;
2023-03-04 23:08:08 [32minfo[39m: 	Requested URL : 
2023-03-04 23:08:08 [32minfo[39m: 	/manage_roles_get
2023-03-04 23:08:08 [32minfo[39m: 	Requested URL : 
2023-03-04 23:08:08 [32minfo[39m: 	/assigned_stud_list_csv
2023-03-04 23:08:08 [32minfo[39m: 	SELECT id,user_name,email FROM users_dtl_t where role=3;
2023-03-04 23:08:08 [32minfo[39m: 	SELECT id,user_name,email FROM users_dtl_t where role=4;
2023-03-04 23:08:08 [32minfo[39m: 	SELECT * FROM tasks_dlt_t where c_by=1 and status="In Progress" and is_active=1;
2023-03-04 23:08:08 [32minfo[39m: 	SELECT u.id,user_name,role,r.role_name,email,designation,c_ts as joined_date,phone_no,u.is_active
FROM users_dtl_t as u
join roles_table as r on r.id=u.role where role!=1 and u.is_active=1;
2023-03-04 23:08:08 [32minfo[39m: 	SELECT * FROM roles_table where status=1;
2023-03-04 23:08:08 [32minfo[39m: 	select * from reverted_stud_csv_admin_t where is_active=1
2023-03-04 23:08:26 [32minfo[39m: 	Requested URL : 
2023-03-04 23:08:26 [32minfo[39m: 	/assigned_stud_list_csv
2023-03-04 23:08:26 [32minfo[39m: 	Requested URL : 
2023-03-04 23:08:26 [32minfo[39m: 	/assigned_stud_list_csv
2023-03-04 23:08:26 [32minfo[39m: 	select * from reverted_stud_csv_admin_t where is_active=0 and assigned_to=1
2023-03-04 23:08:54 [32minfo[39m: 	Requested URL : 
2023-03-04 23:08:54 [32minfo[39m: 	/login
2023-03-04 23:08:54 [32minfo[39m: 	Requested URL : 
2023-03-04 23:08:54 [32minfo[39m: 	/login
2023-03-04 23:08:54 [32minfo[39m: 	SELECT * FROM users_dtl_t where email='test@gmail.com'
2023-03-04 23:08:54 [32minfo[39m: 	SELECT * FROM users_dtl_t where email='test@gmail.com' and pwd='test' 
2023-03-04 23:08:58 [32minfo[39m: 	Requested URL : 
2023-03-04 23:08:58 [32minfo[39m: 	/login
2023-03-04 23:08:58 [32minfo[39m: 	SELECT * FROM users_dtl_t where email='test@gmail.com'
2023-03-04 23:08:58 [32minfo[39m: 	SELECT * FROM users_dtl_t where email='test@gmail.com' and pwd='test' 
2023-03-04 23:09:09 [32minfo[39m: 	Requested URL : 
2023-03-04 23:09:09 [32minfo[39m: 	/login
2023-03-04 23:09:09 [32minfo[39m: 	Requested URL : 
2023-03-04 23:09:09 [32minfo[39m: 	/login
2023-03-04 23:09:09 [32minfo[39m: 	SELECT * FROM users_dtl_t where email='test@gmail.com'
2023-03-04 23:09:09 [32minfo[39m: 	SELECT * FROM users_dtl_t where email='test@gmail.com' and pwd='test' 
2023-03-04 23:09:10 [32minfo[39m: 	Requested URL : 
2023-03-04 23:09:10 [32minfo[39m: 	/assigned_stud_list_csv
2023-03-04 23:09:10 [32minfo[39m: 	Requested URL : 
2023-03-04 23:09:10 [32minfo[39m: 	/assigned_stud_list_csv
2023-03-04 23:09:10 [32minfo[39m: 	select * from reverted_stud_csv_admin_t where is_active=0 and assigned_to=36
2023-03-04 23:24:25 [32minfo[39m: 	Requested URL : 
2023-03-04 23:24:25 [32minfo[39m: 	/names_basedon_role
2023-03-04 23:24:25 [32minfo[39m: 	Requested URL : 
2023-03-04 23:24:25 [32minfo[39m: 	/names_basedon_role
2023-03-04 23:24:25 [32minfo[39m: 	Requested URL : 
2023-03-04 23:24:25 [32minfo[39m: 	/names_basedon_role
2023-03-04 23:24:25 [32minfo[39m: 	Requested URL : 
2023-03-04 23:24:25 [32minfo[39m: 	/view_task
2023-03-04 23:24:25 [32minfo[39m: 	Requested URL : 
2023-03-04 23:24:25 [32minfo[39m: 	/names_basedon_role
2023-03-04 23:24:25 [32minfo[39m: 	Requested URL : 
2023-03-04 23:24:25 [32minfo[39m: 	/assigned_stud_list_csv
2023-03-04 23:24:25 [32minfo[39m: 	Requested URL : 
2023-03-04 23:24:25 [32minfo[39m: 	/names_basedon_role
2023-03-04 23:24:25 [32minfo[39m: 	Requested URL : 
2023-03-04 23:24:25 [32minfo[39m: 	/view_task
2023-03-04 23:24:25 [32minfo[39m: 	Requested URL : 
2023-03-04 23:24:25 [32minfo[39m: 	/names_basedon_role
2023-03-04 23:24:25 [32minfo[39m: 	Requested URL : 
2023-03-04 23:24:25 [32minfo[39m: 	/assigned_stud_list_csv
2023-03-04 23:24:25 [32minfo[39m: 	SELECT id,user_name,email FROM users_dtl_t where role=2;
2023-03-04 23:24:25 [32minfo[39m: 	Requested URL : 
2023-03-04 23:24:25 [32minfo[39m: 	/roles
2023-03-04 23:24:25 [32minfo[39m: 	SELECT id,user_name,email FROM users_dtl_t where role=3;
2023-03-04 23:24:25 [32minfo[39m: 	SELECT * FROM tasks_dlt_t where c_by=36 and status="In Progress" and is_active=1;
2023-03-04 23:24:25 [32minfo[39m: 	SELECT id,user_name,email FROM users_dtl_t where role=4;
2023-03-04 23:24:25 [32minfo[39m: 	Requested URL : 
2023-03-04 23:24:25 [32minfo[39m: 	/manage_roles_get
2023-03-04 23:24:25 [32minfo[39m: 	select * from reverted_stud_csv_admin_t where is_active=1
2023-03-04 23:24:25 [32minfo[39m: 	SELECT * FROM roles_table where status=1;
2023-03-04 23:24:25 [32minfo[39m: 	SELECT u.id,user_name,role,r.role_name,email,designation,c_ts as joined_date,phone_no,u.is_active
FROM users_dtl_t as u
join roles_table as r on r.id=u.role where role!=1 and u.is_active=1;
2023-03-04 23:26:23 [32minfo[39m: 	Requested URL : 
2023-03-04 23:26:23 [32minfo[39m: 	/names_basedon_role
2023-03-04 23:26:23 [32minfo[39m: 	SELECT id,user_name,email FROM users_dtl_t where role=2;
2023-03-04 23:27:12 [34mdebug[39m: 	CharisPathWay API server is listening at http://:::5555
2023-03-04 23:27:13 [32minfo[39m: 	Requested URL : 
2023-03-04 23:27:13 [32minfo[39m: 	/names_basedon_role
2023-03-04 23:27:13 [32minfo[39m: 	SELECT id,user_name,email FROM users_dtl_t where role=2 and is_active=1;
2023-03-04 23:28:30 [32minfo[39m: 	Requested URL : 
2023-03-04 23:28:30 [32minfo[39m: 	/names_basedon_role
2023-03-04 23:28:30 [32minfo[39m: 	Requested URL : 
2023-03-04 23:28:30 [32minfo[39m: 	/names_basedon_role
2023-03-04 23:28:30 [32minfo[39m: 	Requested URL : 
2023-03-04 23:28:30 [32minfo[39m: 	/view_task
2023-03-04 23:28:30 [32minfo[39m: 	Requested URL : 
2023-03-04 23:28:30 [32minfo[39m: 	/names_basedon_role
2023-03-04 23:28:30 [32minfo[39m: 	Requested URL : 
2023-03-04 23:28:30 [32minfo[39m: 	/names_basedon_role
2023-03-04 23:28:30 [32minfo[39m: 	Requested URL : 
2023-03-04 23:28:30 [32minfo[39m: 	/view_task
2023-03-04 23:28:30 [32minfo[39m: 	Requested URL : 
2023-03-04 23:28:30 [32minfo[39m: 	/names_basedon_role
2023-03-04 23:28:30 [32minfo[39m: 	Requested URL : 
2023-03-04 23:28:31 [32minfo[39m: 	/names_basedon_role
2023-03-04 23:28:31 [32minfo[39m: 	Requested URL : 
2023-03-04 23:28:31 [32minfo[39m: 	/assigned_stud_list_csv
2023-03-04 23:28:31 [32minfo[39m: 	SELECT id,user_name,email FROM users_dtl_t where role=2 and is_active=1;
2023-03-04 23:28:31 [32minfo[39m: 	Requested URL : 
2023-03-04 23:28:31 [32minfo[39m: 	/manage_roles_get
2023-03-04 23:28:31 [32minfo[39m: 	Requested URL : 
2023-03-04 23:28:31 [32minfo[39m: 	/roles
2023-03-04 23:28:32 [32minfo[39m: 	Requested URL : 
2023-03-04 23:28:32 [32minfo[39m: 	/assigned_stud_list_csv
2023-03-04 23:28:32 [32minfo[39m: 	SELECT u.id,user_name,role,r.role_name,email,designation,c_ts as joined_date,phone_no,u.is_active
FROM users_dtl_t as u
join roles_table as r on r.id=u.role where role!=1 and u.is_active=1;
2023-03-04 23:28:32 [32minfo[39m: 	SELECT id,user_name,email FROM users_dtl_t where role=4 and is_active=1;
2023-03-04 23:28:32 [32minfo[39m: 	SELECT * FROM tasks_dlt_t where c_by=36 and status="In Progress" and is_active=1;
2023-03-04 23:28:32 [32minfo[39m: 	SELECT id,user_name,email FROM users_dtl_t where role=3 and is_active=1;
2023-03-04 23:28:32 [32minfo[39m: 	SELECT * FROM roles_table where status=1;
2023-03-04 23:28:32 [32minfo[39m: 	select * from reverted_stud_csv_admin_t where is_active=1
2023-03-04 23:28:46 [32minfo[39m: 	Requested URL : 
2023-03-04 23:28:46 [32minfo[39m: 	/assigned_stud_list_csv
2023-03-04 23:28:46 [32minfo[39m: 	Requested URL : 
2023-03-04 23:28:46 [32minfo[39m: 	/assigned_stud_list_csv
2023-03-04 23:28:46 [32minfo[39m: 	select * from reverted_stud_csv_admin_t where is_active=0 and assigned_to=36
2023-03-04 23:37:30 [31merror[39m: 	uncaughtException: Route.post() requires a callback function but got a [object Undefined]
Error: Route.post() requires a callback function but got a [object Undefined]
    at Route.<computed> [as post] (E:\ALL-Data\seedfund\AACS\node_modules\express\lib\router\route.js:211:15)
    at Function.proto.<computed> [as post] (E:\ALL-Data\seedfund\AACS\node_modules\express\lib\router\index.js:521:19)
    at Object.<anonymous> (E:\ALL-Data\seedfund\AACS\routes\routes.js:41:8)
    at Module._compile (node:internal/modules/cjs/loader:1101:14)
    at Object.Module._extensions..js (node:internal/modules/cjs/loader:1153:10)
    at Module.load (node:internal/modules/cjs/loader:981:32)
    at Function.Module._load (node:internal/modules/cjs/loader:822:12)
    at Module.require (node:internal/modules/cjs/loader:1005:19)
    at require (node:internal/modules/cjs/helpers:102:18)
    at Object.<anonymous> (E:\ALL-Data\seedfund\AACS\app.js:48:14)
2023-03-04 23:49:25 [31merror[39m: 	uncaughtException: Route.post() requires a callback function but got a [object Undefined]
Error: Route.post() requires a callback function but got a [object Undefined]
    at Route.<computed> [as post] (E:\ALL-Data\seedfund\AACS\node_modules\express\lib\router\route.js:211:15)
    at Function.proto.<computed> [as post] (E:\ALL-Data\seedfund\AACS\node_modules\express\lib\router\index.js:521:19)
    at Object.<anonymous> (E:\ALL-Data\seedfund\AACS\routes\routes.js:41:8)
    at Module._compile (node:internal/modules/cjs/loader:1101:14)
    at Object.Module._extensions..js (node:internal/modules/cjs/loader:1153:10)
    at Module.load (node:internal/modules/cjs/loader:981:32)
    at Function.Module._load (node:internal/modules/cjs/loader:822:12)
    at Module.require (node:internal/modules/cjs/loader:1005:19)
    at require (node:internal/modules/cjs/helpers:102:18)
    at Object.<anonymous> (E:\ALL-Data\seedfund\AACS\app.js:48:14)
2023-03-04 23:49:52 [34mdebug[39m: 	CharisPathWay API server is listening at http://:::5555
2023-03-04 23:49:54 [34mdebug[39m: 	CharisPathWay API server is listening at http://:::5555
2023-03-04 23:50:25 [34mdebug[39m: 	CharisPathWay API server is listening at http://:::5555
2023-03-04 23:50:28 [31merror[39m: 	uncaughtException: Unexpected token '='
E:\ALL-Data\seedfund\AACS\model\adminModel.js:474
exports. = (id, callback) => {
         ^

SyntaxError: Unexpected token '='
    at Object.compileFunction (node:vm:352:18)
    at wrapSafe (node:internal/modules/cjs/loader:1031:15)
    at Module._compile (node:internal/modules/cjs/loader:1065:27)
    at Object.Module._extensions..js (node:internal/modules/cjs/loader:1153:10)
    at Module.load (node:internal/modules/cjs/loader:981:32)
    at Function.Module._load (node:internal/modules/cjs/loader:822:12)
    at Module.require (node:internal/modules/cjs/loader:1005:19)
    at require (node:internal/modules/cjs/helpers:102:18)
    at Object.<anonymous> (E:\ALL-Data\seedfund\AACS\controllers\adminCtrl.js:1:20)
    at Module._compile (node:internal/modules/cjs/loader:1101:14)
2023-03-04 23:50:39 [34mdebug[39m: 	CharisPathWay API server is listening at http://:::5555
2023-03-04 23:50:42 [34mdebug[39m: 	CharisPathWay API server is listening at http://:::5555
2023-03-04 23:50:48 [34mdebug[39m: 	CharisPathWay API server is listening at http://:::5555
2023-03-04 23:50:51 [34mdebug[39m: 	CharisPathWay API server is listening at http://:::5555
2023-03-04 23:51:22 [34mdebug[39m: 	CharisPathWay API server is listening at http://:::5555
2023-03-04 23:51:26 [34mdebug[39m: 	CharisPathWay API server is listening at http://:::5555
2023-03-04 23:51:29 [31merror[39m: 	uncaughtException: Unexpected token ','
E:\ALL-Data\seedfund\AACS\model\adminModel.js:474
exports.trackProcess = (, callback) => {
                        ^

SyntaxError: Unexpected token ','
    at Object.compileFunction (node:vm:352:18)
    at wrapSafe (node:internal/modules/cjs/loader:1031:15)
    at Module._compile (node:internal/modules/cjs/loader:1065:27)
    at Object.Module._extensions..js (node:internal/modules/cjs/loader:1153:10)
    at Module.load (node:internal/modules/cjs/loader:981:32)
    at Function.Module._load (node:internal/modules/cjs/loader:822:12)
    at Module.require (node:internal/modules/cjs/loader:1005:19)
    at require (node:internal/modules/cjs/helpers:102:18)
    at Object.<anonymous> (E:\ALL-Data\seedfund\AACS\controllers\adminCtrl.js:1:20)
    at Module._compile (node:internal/modules/cjs/loader:1101:14)
2023-03-04 23:51:36 [34mdebug[39m: 	CharisPathWay API server is listening at http://:::5555
2023-03-04 23:51:39 [34mdebug[39m: 	CharisPathWay API server is listening at http://:::5555
2023-03-04 23:51:47 [34mdebug[39m: 	CharisPathWay API server is listening at http://:::5555
2023-03-04 23:51:53 [34mdebug[39m: 	CharisPathWay API server is listening at http://:::5555
2023-03-04 23:51:57 [34mdebug[39m: 	CharisPathWay API server is listening at http://:::5555
2023-03-04 23:52:00 [34mdebug[39m: 	CharisPathWay API server is listening at http://:::5555
2023-03-04 23:53:15 [32minfo[39m: 	Requested URL : 
2023-03-04 23:53:15 [32minfo[39m: 	/trackProcess
2023-03-04 23:53:15 [32minfo[39m: 	SELECT * FROM reverted_stud_csv_admin_t
where student_interest="Yes" and assign_indicator=1 and assigned_to=?;
2023-03-04 23:53:15 [31merror[39m: 	Error While Getting admin_reverted_list_delete  ER_PARSE_ERROR: You have an error in your SQL syntax; check the manual that corresponds to your MySQL server version for the right syntax to use near '?' at line 2
2023-03-04 23:54:20 [34mdebug[39m: 	CharisPathWay API server is listening at http://:::5555
2023-03-04 23:54:23 [32minfo[39m: 	Requested URL : 
2023-03-04 23:54:23 [32minfo[39m: 	/trackProcess
2023-03-04 23:54:23 [32minfo[39m: 	SELECT * FROM reverted_stud_csv_admin_t
where student_interest="Yes" and assign_indicator=1 and assigned_to=2;
2023-03-04 23:54:54 [31merror[39m: 	uncaughtException: Unexpected token ')'
E:\ALL-Data\seedfund\AACS\model\adminModel.js:484
            if()
               ^

SyntaxError: Unexpected token ')'
    at Object.compileFunction (node:vm:352:18)
    at wrapSafe (node:internal/modules/cjs/loader:1031:15)
    at Module._compile (node:internal/modules/cjs/loader:1065:27)
    at Object.Module._extensions..js (node:internal/modules/cjs/loader:1153:10)
    at Module.load (node:internal/modules/cjs/loader:981:32)
    at Function.Module._load (node:internal/modules/cjs/loader:822:12)
    at Module.require (node:internal/modules/cjs/loader:1005:19)
    at require (node:internal/modules/cjs/helpers:102:18)
    at Object.<anonymous> (E:\ALL-Data\seedfund\AACS\controllers\adminCtrl.js:1:20)
    at Module._compile (node:internal/modules/cjs/loader:1101:14)
2023-03-04 23:55:04 [34mdebug[39m: 	CharisPathWay API server is listening at http://:::5555
2023-03-04 23:55:09 [34mdebug[39m: 	CharisPathWay API server is listening at http://:::5555
2023-03-04 23:55:12 [34mdebug[39m: 	CharisPathWay API server is listening at http://:::5555
2023-03-04 23:55:16 [34mdebug[39m: 	CharisPathWay API server is listening at http://:::5555
2023-03-04 23:55:21 [34mdebug[39m: 	CharisPathWay API server is listening at http://:::5555
2023-03-04 23:55:23 [34mdebug[39m: 	CharisPathWay API server is listening at http://:::5555
2023-03-04 23:55:26 [34mdebug[39m: 	CharisPathWay API server is listening at http://:::5555
2023-03-04 23:55:34 [34mdebug[39m: 	CharisPathWay API server is listening at http://:::5555
2023-03-04 23:55:40 [34mdebug[39m: 	CharisPathWay API server is listening at http://:::5555
2023-03-04 23:55:45 [34mdebug[39m: 	CharisPathWay API server is listening at http://:::5555
2023-03-04 23:55:49 [34mdebug[39m: 	CharisPathWay API server is listening at http://:::5555
2023-03-04 23:55:58 [34mdebug[39m: 	CharisPathWay API server is listening at http://:::5555
2023-03-04 23:56:00 [34mdebug[39m: 	CharisPathWay API server is listening at http://:::5555
2023-03-04 23:56:03 [31merror[39m: 	uncaughtException: Unexpected token '}'
E:\ALL-Data\seedfund\AACS\controllers\adminCtrl.js:492
                res.send({ "result": "success", "Message":  });
                                                            ^

SyntaxError: Unexpected token '}'
    at Object.compileFunction (node:vm:352:18)
    at wrapSafe (node:internal/modules/cjs/loader:1031:15)
    at Module._compile (node:internal/modules/cjs/loader:1065:27)
    at Object.Module._extensions..js (node:internal/modules/cjs/loader:1153:10)
    at Module.load (node:internal/modules/cjs/loader:981:32)
    at Function.Module._load (node:internal/modules/cjs/loader:822:12)
    at Module.require (node:internal/modules/cjs/loader:1005:19)
    at require (node:internal/modules/cjs/helpers:102:18)
    at Object.<anonymous> (E:\ALL-Data\seedfund\AACS\routes\routes.js:4:21)
    at Module._compile (node:internal/modules/cjs/loader:1101:14)
2023-03-04 23:56:06 [34mdebug[39m: 	CharisPathWay API server is listening at http://:::5555
2023-03-04 23:56:11 [34mdebug[39m: 	CharisPathWay API server is listening at http://:::5555
2023-03-04 23:56:12 [32minfo[39m: 	Requested URL : 
2023-03-04 23:56:12 [32minfo[39m: 	/trackProcess
2023-03-04 23:56:12 [32minfo[39m: 	SELECT * FROM reverted_stud_csv_admin_t
where student_interest="Yes" and assign_indicator=1 and assigned_to=2;
2023-03-04 23:56:22 [34mdebug[39m: 	CharisPathWay API server is listening at http://:::5555
2023-03-04 23:56:34 [34mdebug[39m: 	CharisPathWay API server is listening at http://:::5555
2023-03-04 23:56:38 [34mdebug[39m: 	CharisPathWay API server is listening at http://:::5555
2023-03-04 23:58:14 [32minfo[39m: 	Requested URL : 
2023-03-04 23:58:14 [32minfo[39m: 	/advisor_todo_row_save
2023-03-04 23:58:14 [32minfo[39m: 	update reverted_stud_csv_admin_t set row_time_save='2023-03-04',u_ts='2023-03-04',student_interest='Yes',assign_indicator='1' where id in (339)
